2018-05-27 11:25:04 INFO  Car - Speed:   0.0; Angle:   0.0; Position:  2,17; Key:  4; Health: 100.0; Tile: START
2018-05-27 11:25:04 INFO  Car - Speed:   0.0; Angle:   0.0; Position:  2,17; Key:  4; Health: 100.0; Tile: START
2018-05-27 11:25:04 INFO  Car - Speed:   0.1; Angle:   0.0; Position:  2,17; Key:  4; Health: 100.0; Tile: START
2018-05-27 11:25:04 INFO  Car - Speed:   0.1; Angle:   0.0; Position:  2,17; Key:  4; Health: 100.0; Tile: START
2018-05-27 11:25:04 INFO  Car - Speed:   0.1; Angle:   0.0; Position:  2,17; Key:  4; Health: 100.0; Tile: START
2018-05-27 11:25:04 INFO  Car - Speed:   0.2; Angle:   0.0; Position:  2,17; Key:  4; Health: 100.0; Tile: START
2018-05-27 11:25:04 INFO  Car - Speed:   0.2; Angle:   0.0; Position:  2,17; Key:  4; Health: 100.0; Tile: START
2018-05-27 11:25:04 INFO  Car - Speed:   0.2; Angle:   0.0; Position:  2,17; Key:  4; Health: 100.0; Tile: START
2018-05-27 11:25:04 INFO  Car - Speed:   0.3; Angle:   0.0; Position:  2,17; Key:  4; Health: 100.0; Tile: START
2018-05-27 11:25:04 INFO  Car - Speed:   0.3; Angle:   0.0; Position:  2,17; Key:  4; Health: 100.0; Tile: START
2018-05-27 11:25:04 INFO  Car - Speed:   0.3; Angle:   0.0; Position:  2,17; Key:  4; Health: 100.0; Tile: START
2018-05-27 11:25:04 INFO  Car - Speed:   0.4; Angle:   0.0; Position:  2,17; Key:  4; Health: 100.0; Tile: START
2018-05-27 11:25:04 INFO  Car - Speed:   0.4; Angle:   0.0; Position:  2,17; Key:  4; Health: 100.0; Tile: START
2018-05-27 11:25:04 INFO  Car - Speed:   0.4; Angle:   0.0; Position:  2,17; Key:  4; Health: 100.0; Tile: START
2018-05-27 11:25:04 INFO  Car - Speed:   0.5; Angle:   0.0; Position:  2,17; Key:  4; Health: 100.0; Tile: START
2018-05-27 11:25:04 INFO  Car - Speed:   0.5; Angle:   0.0; Position:  2,17; Key:  4; Health: 100.0; Tile: START
2018-05-27 11:25:04 INFO  Car - Speed:   0.5; Angle:   0.0; Position:  2,17; Key:  4; Health: 100.0; Tile: START
2018-05-27 11:25:04 INFO  Car - Speed:   0.6; Angle:   0.0; Position:  2,17; Key:  4; Health: 100.0; Tile: START
2018-05-27 11:25:04 INFO  Car - Speed:   0.6; Angle:   0.0; Position:  2,17; Key:  4; Health: 100.0; Tile: START
2018-05-27 11:25:04 INFO  Car - Speed:   0.6; Angle:   0.0; Position:  2,17; Key:  4; Health: 100.0; Tile: START
2018-05-27 11:25:04 INFO  Car - Speed:   0.7; Angle:   0.0; Position:  2,17; Key:  4; Health: 100.0; Tile: START
2018-05-27 11:25:04 INFO  Car - Speed:   0.7; Angle:   0.0; Position:  2,17; Key:  4; Health: 100.0; Tile: START
2018-05-27 11:25:04 INFO  Car - Speed:   0.7; Angle:   0.0; Position:  2,17; Key:  4; Health: 100.0; Tile: START
2018-05-27 11:25:04 INFO  Car - Speed:   0.8; Angle:   0.0; Position:  2,17; Key:  4; Health: 100.0; Tile: START
2018-05-27 11:25:04 INFO  Car - Speed:   0.8; Angle:   0.0; Position:  2,17; Key:  4; Health: 100.0; Tile: START
2018-05-27 11:25:04 INFO  Car - Speed:   0.8; Angle:   0.0; Position:  2,17; Key:  4; Health: 100.0; Tile: START
2018-05-27 11:25:04 INFO  Car - Speed:   0.9; Angle:   0.0; Position:  2,17; Key:  4; Health: 100.0; Tile: START
2018-05-27 11:25:05 INFO  Car - Speed:   0.9; Angle:   0.0; Position:  2,17; Key:  4; Health: 100.0; Tile: START
2018-05-27 11:25:05 INFO  Car - Speed:   0.9; Angle:   0.0; Position:  2,17; Key:  4; Health: 100.0; Tile: START
2018-05-27 11:25:05 INFO  Car - Speed:   1.0; Angle:   0.0; Position:  2,17; Key:  4; Health: 100.0; Tile: START
2018-05-27 11:25:05 INFO  Car - Speed:   1.0; Angle:   0.0; Position:  2,17; Key:  4; Health: 100.0; Tile: START
2018-05-27 11:25:05 INFO  Car - Speed:   1.0; Angle:   0.0; Position:  2,17; Key:  4; Health: 100.0; Tile: START
2018-05-27 11:25:05 INFO  Car - Speed:   1.1; Angle:   0.0; Position:  2,17; Key:  4; Health: 100.0; Tile: START
2018-05-27 11:25:05 INFO  Car - Speed:   1.1; Angle:   0.0; Position:  2,17; Key:  4; Health: 100.0; Tile: START
2018-05-27 11:25:05 INFO  Car - Speed:   1.1; Angle:   0.0; Position:  2,17; Key:  4; Health: 100.0; Tile: START
2018-05-27 11:25:05 INFO  Car - Speed:   1.2; Angle:   0.0; Position:  2,17; Key:  4; Health: 100.0; Tile: START
2018-05-27 11:25:05 INFO  Car - Speed:   1.2; Angle:   0.0; Position:  3,17; Key:  4; Health: 100.0; Tile: ROAD
2018-05-27 11:25:05 INFO  Car - Speed:   1.2; Angle:   0.0; Position:  3,17; Key:  4; Health: 100.0; Tile: ROAD
2018-05-27 11:25:05 INFO  Car - Speed:   1.3; Angle:   0.0; Position:  3,17; Key:  4; Health: 100.0; Tile: ROAD
2018-05-27 11:25:05 INFO  Car - Speed:   1.3; Angle:   0.0; Position:  3,17; Key:  4; Health: 100.0; Tile: ROAD
2018-05-27 11:25:05 INFO  Car - Speed:   1.3; Angle:   0.0; Position:  3,17; Key:  4; Health: 100.0; Tile: ROAD
2018-05-27 11:25:05 INFO  Car - Speed:   1.4; Angle:   0.0; Position:  3,17; Key:  4; Health: 100.0; Tile: ROAD
2018-05-27 11:25:05 INFO  Car - Speed:   1.4; Angle:   0.0; Position:  3,17; Key:  4; Health: 100.0; Tile: ROAD
2018-05-27 11:25:05 INFO  Car - Speed:   1.4; Angle:   0.0; Position:  3,17; Key:  4; Health: 100.0; Tile: ROAD
2018-05-27 11:25:05 INFO  Car - Speed:   1.5; Angle:   0.0; Position:  3,17; Key:  4; Health: 100.0; Tile: ROAD
2018-05-27 11:25:05 INFO  Car - Speed:   1.5; Angle:   0.0; Position:  3,17; Key:  4; Health: 100.0; Tile: ROAD
2018-05-27 11:25:05 INFO  Car - Speed:   1.5; Angle:   0.0; Position:  3,17; Key:  4; Health: 100.0; Tile: ROAD
2018-05-27 11:25:05 INFO  Car - Speed:   1.6; Angle:   0.0; Position:  3,17; Key:  4; Health: 100.0; Tile: ROAD
2018-05-27 11:25:05 INFO  Car - Speed:   1.6; Angle:   0.0; Position:  3,17; Key:  4; Health: 100.0; Tile: ROAD
2018-05-27 11:25:05 INFO  Car - Speed:   1.6; Angle:   0.0; Position:  3,17; Key:  4; Health: 100.0; Tile: ROAD
2018-05-27 11:25:05 INFO  Car - Speed:   1.7; Angle:   0.0; Position:  3,17; Key:  4; Health: 100.0; Tile: ROAD
2018-05-27 11:25:05 INFO  Car - Speed:   1.7; Angle:   0.0; Position:  3,17; Key:  4; Health: 100.0; Tile: ROAD
2018-05-27 11:25:05 INFO  Car - Speed:   1.7; Angle:   0.0; Position:  3,17; Key:  4; Health: 100.0; Tile: ROAD
2018-05-27 11:25:05 INFO  Car - Speed:   1.8; Angle:   0.0; Position:  3,17; Key:  4; Health: 100.0; Tile: ROAD
2018-05-27 11:25:05 INFO  Car - Speed:   1.8; Angle:   0.0; Position:  3,17; Key:  4; Health: 100.0; Tile: ROAD
2018-05-27 11:25:05 INFO  Car - Speed:   1.8; Angle:   0.0; Position:  3,17; Key:  4; Health: 100.0; Tile: ROAD
2018-05-27 11:25:05 INFO  Car - Speed:   1.9; Angle:   0.0; Position:  3,17; Key:  4; Health: 100.0; Tile: ROAD
2018-05-27 11:25:05 INFO  Car - Speed:   1.9; Angle:   0.0; Position:  3,17; Key:  4; Health: 100.0; Tile: ROAD
2018-05-27 11:25:05 INFO  Car - Speed:   1.9; Angle:   0.0; Position:  3,17; Key:  4; Health: 100.0; Tile: ROAD
2018-05-27 11:25:05 INFO  Car - Speed:   2.0; Angle:   0.0; Position:  3,17; Key:  4; Health: 100.0; Tile: ROAD
2018-05-27 11:25:05 INFO  Car - Speed:   2.0; Angle:   0.0; Position:  3,17; Key:  4; Health: 100.0; Tile: ROAD
2018-05-27 11:25:05 INFO  Car - Speed:   2.0; Angle:   0.0; Position:  3,17; Key:  4; Health: 100.0; Tile: ROAD
2018-05-27 11:25:05 INFO  Car - Speed:   2.1; Angle:   0.0; Position:  3,17; Key:  4; Health: 100.0; Tile: ROAD
2018-05-27 11:25:05 INFO  Car - Speed:   2.1; Angle:   0.0; Position:  4,17; Key:  4; Health: 100.0; Tile: ROAD
2018-05-27 11:25:05 INFO  Car - Speed:   2.1; Angle:   0.0; Position:  4,17; Key:  4; Health: 100.0; Tile: ROAD
2018-05-27 11:25:05 INFO  Car - Speed:   2.2; Angle:   0.0; Position:  4,17; Key:  4; Health: 100.0; Tile: ROAD
2018-05-27 11:25:05 INFO  Car - Speed:   2.2; Angle:   0.0; Position:  4,17; Key:  4; Health: 100.0; Tile: ROAD
2018-05-27 11:25:05 INFO  Car - Speed:   2.2; Angle:   0.0; Position:  4,17; Key:  4; Health: 100.0; Tile: ROAD
2018-05-27 11:25:05 INFO  Car - Speed:   2.3; Angle:   0.0; Position:  4,17; Key:  4; Health: 100.0; Tile: ROAD
2018-05-27 11:25:05 INFO  Car - Speed:   2.3; Angle:   0.0; Position:  4,17; Key:  4; Health: 100.0; Tile: ROAD
2018-05-27 11:25:05 INFO  Car - Speed:   2.3; Angle:   0.0; Position:  4,17; Key:  4; Health: 100.0; Tile: ROAD
2018-05-27 11:25:05 INFO  Car - Speed:   2.4; Angle:   0.0; Position:  4,17; Key:  4; Health: 100.0; Tile: ROAD
2018-05-27 11:25:06 INFO  Car - Speed:   2.4; Angle:   0.0; Position:  4,17; Key:  4; Health: 100.0; Tile: ROAD
2018-05-27 11:25:06 INFO  Car - Speed:   2.4; Angle:   0.0; Position:  4,17; Key:  4; Health: 100.0; Tile: ROAD
2018-05-27 11:25:06 INFO  Car - Speed:   2.5; Angle:   0.0; Position:  4,17; Key:  4; Health: 100.0; Tile: ROAD
2018-05-27 11:25:06 INFO  Car - Speed:   2.5; Angle:   0.0; Position:  4,17; Key:  4; Health: 100.0; Tile: ROAD
2018-05-27 11:25:06 INFO  Car - Speed:   2.5; Angle:   0.0; Position:  4,17; Key:  4; Health: 100.0; Tile: ROAD
2018-05-27 11:25:06 INFO  Car - Speed:   2.6; Angle:   0.0; Position:  4,17; Key:  4; Health: 100.0; Tile: ROAD
2018-05-27 11:25:06 INFO  Car - Speed:   2.6; Angle:   0.0; Position:  4,17; Key:  4; Health: 100.0; Tile: ROAD
2018-05-27 11:25:06 INFO  Car - Speed:   2.6; Angle:   0.0; Position:  4,17; Key:  4; Health: 100.0; Tile: ROAD
2018-05-27 11:25:06 INFO  Car - Speed:   2.7; Angle:   0.0; Position:  4,17; Key:  4; Health: 100.0; Tile: ROAD
2018-05-27 11:25:06 INFO  Car - Speed:   2.7; Angle:   0.0; Position:  4,17; Key:  4; Health: 100.0; Tile: ROAD
2018-05-27 11:25:06 INFO  Car - Speed:   2.7; Angle:   0.0; Position:  5,17; Key:  4; Health: 100.0; Tile: ROAD
2018-05-27 11:25:06 INFO  Car - Speed:   2.8; Angle:   0.0; Position:  5,17; Key:  4; Health: 100.0; Tile: ROAD
2018-05-27 11:25:06 INFO  Car - Speed:   2.8; Angle:   0.0; Position:  5,17; Key:  4; Health: 100.0; Tile: ROAD
2018-05-27 11:25:06 INFO  Car - Speed:   2.8; Angle:   0.0; Position:  5,17; Key:  4; Health: 100.0; Tile: ROAD
2018-05-27 11:25:06 INFO  Car - Speed:   2.9; Angle:   0.0; Position:  5,17; Key:  4; Health: 100.0; Tile: ROAD
2018-05-27 11:25:06 INFO  Car - Speed:   2.9; Angle:   0.0; Position:  5,17; Key:  4; Health: 100.0; Tile: ROAD
2018-05-27 11:25:06 INFO  Car - Speed:   2.9; Angle:   0.0; Position:  5,17; Key:  4; Health: 100.0; Tile: ROAD
2018-05-27 11:25:06 INFO  Car - Speed:   3.0; Angle:   0.0; Position:  5,17; Key:  4; Health: 100.0; Tile: ROAD
2018-05-27 11:25:06 INFO  Car - Speed:   3.0; Angle:   0.0; Position:  5,17; Key:  4; Health: 100.0; Tile: ROAD
2018-05-27 11:25:06 INFO  Car - Speed:   3.0; Angle:   0.0; Position:  5,17; Key:  4; Health: 100.0; Tile: ROAD
2018-05-27 11:25:06 INFO  Car - Speed:   3.0; Angle:   0.0; Position:  5,17; Key:  4; Health: 100.0; Tile: ROAD
2018-05-27 11:25:06 INFO  Car - Speed:   3.0; Angle:   0.0; Position:  5,17; Key:  4; Health: 100.0; Tile: ROAD
2018-05-27 11:25:06 INFO  Car - Speed:   3.0; Angle:   0.0; Position:  5,17; Key:  4; Health: 100.0; Tile: ROAD
2018-05-27 11:25:06 INFO  Car - Speed:   3.0; Angle:   0.0; Position:  5,17; Key:  4; Health: 100.0; Tile: ROAD
2018-05-27 11:25:06 INFO  Car - Speed:   3.0; Angle:   0.0; Position:  5,17; Key:  4; Health: 100.0; Tile: ROAD
2018-05-27 11:25:06 INFO  Car - Speed:   3.0; Angle:   0.0; Position:  6,17; Key:  4; Health: 100.0; Tile: ROAD
2018-05-27 11:25:06 INFO  Car - Speed:   3.0; Angle:   0.0; Position:  6,17; Key:  4; Health: 100.0; Tile: ROAD
2018-05-27 11:25:06 INFO  Car - Speed:   3.0; Angle:   0.0; Position:  6,17; Key:  4; Health: 100.0; Tile: ROAD
2018-05-27 11:25:06 INFO  Car - Speed:   3.0; Angle:   0.0; Position:  6,17; Key:  4; Health: 100.0; Tile: ROAD
2018-05-27 11:25:06 INFO  Car - Speed:   3.0; Angle:   0.0; Position:  6,17; Key:  4; Health: 100.0; Tile: ROAD
2018-05-27 11:25:06 INFO  Car - Speed:   3.0; Angle:   0.0; Position:  6,17; Key:  4; Health: 100.0; Tile: ROAD
2018-05-27 11:25:06 INFO  Car - Speed:   3.0; Angle:   0.0; Position:  6,17; Key:  4; Health: 100.0; Tile: ROAD
2018-05-27 11:25:06 INFO  Car - Speed:   3.0; Angle:   0.0; Position:  6,17; Key:  4; Health: 100.0; Tile: ROAD
2018-05-27 11:25:06 INFO  Car - Speed:   3.0; Angle:   0.0; Position:  6,17; Key:  4; Health: 100.0; Tile: ROAD
2018-05-27 11:25:06 INFO  Car - Speed:   3.0; Angle:   0.0; Position:  6,17; Key:  4; Health: 100.0; Tile: ROAD
2018-05-27 11:25:06 INFO  Car - Speed:   3.0; Angle:   0.0; Position:  6,17; Key:  4; Health: 100.0; Tile: ROAD
2018-05-27 11:25:06 INFO  Car - Speed:   3.0; Angle:   0.0; Position:  6,17; Key:  4; Health: 100.0; Tile: ROAD
2018-05-27 11:25:06 INFO  Car - Speed:   3.0; Angle:   0.0; Position:  6,17; Key:  4; Health: 100.0; Tile: ROAD
2018-05-27 11:25:06 INFO  Car - Speed:   3.0; Angle:   0.0; Position:  6,17; Key:  4; Health: 100.0; Tile: ROAD
2018-05-27 11:25:06 INFO  Car - Speed:   3.0; Angle:   0.0; Position:  6,17; Key:  4; Health: 100.0; Tile: ROAD
2018-05-27 11:25:06 INFO  Car - Speed:   3.0; Angle:   0.0; Position:  7,17; Key:  4; Health: 100.0; Tile: ROAD
2018-05-27 11:25:06 INFO  Car - Speed:   3.0; Angle:   0.0; Position:  7,17; Key:  4; Health: 100.0; Tile: ROAD
2018-05-27 11:25:06 INFO  Car - Speed:   3.0; Angle: 356.7; Position:  7,17; Key:  4; Health: 100.0; Tile: ROAD
2018-05-27 11:25:06 INFO  Car - Speed:   3.0; Angle: 353.3; Position:  7,17; Key:  4; Health: 100.0; Tile: ROAD
2018-05-27 11:25:06 INFO  Car - Speed:   3.0; Angle: 350.0; Position:  7,17; Key:  4; Health: 100.0; Tile: ROAD
2018-05-27 11:25:07 INFO  Car - Speed:   3.0; Angle: 346.7; Position:  7,17; Key:  4; Health: 100.0; Tile: ROAD
2018-05-27 11:25:07 INFO  Car - Speed:   3.0; Angle: 343.3; Position:  7,17; Key:  4; Health: 100.0; Tile: ROAD
2018-05-27 11:25:07 INFO  Car - Speed:   3.0; Angle: 340.0; Position:  7,17; Key:  4; Health: 100.0; Tile: ROAD
2018-05-27 11:25:07 INFO  Car - Speed:   2.9; Angle: 336.7; Position:  7,17; Key:  4; Health: 100.0; Tile: ROAD
2018-05-27 11:25:07 INFO  Car - Speed:   2.9; Angle: 333.3; Position:  7,17; Key:  4; Health: 100.0; Tile: ROAD
2018-05-27 11:25:07 INFO  Car - Speed:   2.9; Angle: 330.0; Position:  7,17; Key:  4; Health: 100.0; Tile: ROAD
2018-05-27 11:25:07 INFO  Car - Speed:   2.9; Angle: 326.7; Position:  7,17; Key:  4; Health: 100.0; Tile: ROAD
2018-05-27 11:25:07 INFO  Car - Speed:   2.9; Angle: 323.3; Position:  7,17; Key:  4; Health: 100.0; Tile: ROAD
2018-05-27 11:25:07 INFO  Car - Speed:   2.9; Angle: 320.0; Position:  7,17; Key:  4; Health: 100.0; Tile: ROAD
2018-05-27 11:25:07 INFO  Car - Speed:   2.9; Angle: 316.7; Position:  7,17; Key:  4; Health: 100.0; Tile: ROAD
2018-05-27 11:25:07 INFO  Car - Speed:   2.9; Angle: 313.3; Position:  7,17; Key:  4; Health: 100.0; Tile: ROAD
2018-05-27 11:25:07 INFO  Car - Speed:   2.9; Angle: 310.0; Position:  7,17; Key:  4; Health: 100.0; Tile: ROAD
2018-05-27 11:25:07 INFO  Car - Speed:   2.8; Angle: 306.7; Position:  7,17; Key:  4; Health: 100.0; Tile: ROAD
2018-05-27 11:25:07 INFO  Car - Speed:   2.8; Angle: 303.3; Position:  8,16; Key:  4; Health: 100.0; Tile: ROAD
2018-05-27 11:25:07 INFO  Car - Speed:   2.8; Angle: 300.0; Position:  8,16; Key:  4; Health: 100.0; Tile: ROAD
2018-05-27 11:25:07 INFO  Car - Speed:   2.8; Angle: 296.7; Position:  8,16; Key:  4; Health: 100.0; Tile: ROAD
2018-05-27 11:25:07 INFO  Car - Speed:   2.8; Angle: 293.3; Position:  8,16; Key:  4; Health: 100.0; Tile: ROAD
2018-05-27 11:25:07 INFO  Car - Speed:   2.8; Angle: 290.0; Position:  8,16; Key:  4; Health: 100.0; Tile: ROAD
2018-05-27 11:25:07 INFO  Car - Speed:   2.8; Angle: 286.7; Position:  8,16; Key:  4; Health: 100.0; Tile: ROAD
2018-05-27 11:25:07 INFO  Car - Speed:   2.8; Angle: 283.3; Position:  8,16; Key:  4; Health: 100.0; Tile: ROAD
2018-05-27 11:25:07 INFO  Car - Speed:   2.8; Angle: 280.0; Position:  8,16; Key:  4; Health: 100.0; Tile: ROAD
2018-05-27 11:25:07 INFO  Car - Speed:   2.7; Angle: 276.7; Position:  8,16; Key:  4; Health: 100.0; Tile: ROAD
2018-05-27 11:25:07 INFO  Car - Speed:   2.7; Angle: 273.3; Position:  8,16; Key:  4; Health: 100.0; Tile: ROAD
2018-05-27 11:25:07 INFO  Car - Speed:   2.7; Angle: 270.0; Position:  8,16; Key:  4; Health: 100.0; Tile: ROAD
2018-05-27 11:25:07 INFO  Car - Speed:   2.8; Angle: 270.0; Position:  8,16; Key:  4; Health: 100.0; Tile: ROAD
2018-05-27 11:25:07 INFO  Car - Speed:   2.7; Angle: 266.7; Position:  8,16; Key:  4; Health: 100.0; Tile: ROAD
2018-05-27 11:25:07 INFO  Car - Speed:   2.7; Angle: 263.3; Position:  8,16; Key:  4; Health: 100.0; Tile: ROAD
2018-05-27 11:25:07 INFO  Car - Speed:   2.7; Angle: 260.0; Position:  8,16; Key:  4; Health: 100.0; Tile: ROAD
2018-05-27 11:25:07 INFO  Car - Speed:   2.7; Angle: 256.7; Position:  8,16; Key:  4; Health: 100.0; Tile: ROAD
2018-05-27 11:25:07 INFO  Car - Speed:   2.7; Angle: 253.3; Position:  8,16; Key:  4; Health: 100.0; Tile: ROAD
2018-05-27 11:25:07 INFO  Car - Speed:   2.7; Angle: 250.0; Position:  8,15; Key:  4; Health: 100.0; Tile: ROAD
2018-05-27 11:25:07 INFO  Car - Speed:   2.7; Angle: 246.7; Position:  8,15; Key:  4; Health: 100.0; Tile: ROAD
2018-05-27 11:25:07 INFO  Car - Speed:   2.7; Angle: 243.3; Position:  8,15; Key:  4; Health: 100.0; Tile: ROAD
2018-05-27 11:25:07 INFO  Car - Speed:   2.7; Angle: 240.0; Position:  8,15; Key:  4; Health: 100.0; Tile: ROAD
2018-05-27 11:25:07 INFO  Car - Speed:   2.6; Angle: 236.7; Position:  7,15; Key:  4; Health: 100.0; Tile: ROAD
2018-05-27 11:25:07 INFO  Car - Speed:   2.6; Angle: 233.3; Position:  7,15; Key:  4; Health: 100.0; Tile: ROAD
2018-05-27 11:25:07 INFO  Car - Speed:   2.6; Angle: 230.0; Position:  7,15; Key:  4; Health: 100.0; Tile: ROAD
2018-05-27 11:25:07 INFO  Car - Speed:   2.6; Angle: 226.7; Position:  7,15; Key:  4; Health: 100.0; Tile: ROAD
2018-05-27 11:25:07 INFO  Car - Speed:   2.6; Angle: 223.3; Position:  7,15; Key:  4; Health: 100.0; Tile: ROAD
2018-05-27 11:25:07 INFO  Car - Speed:   2.6; Angle: 220.0; Position:  7,15; Key:  4; Health: 100.0; Tile: ROAD
2018-05-27 11:25:07 INFO  Car - Speed:   2.6; Angle: 216.7; Position:  7,15; Key:  4; Health: 100.0; Tile: ROAD
2018-05-27 11:25:07 INFO  Car - Speed:   2.6; Angle: 213.3; Position:  7,15; Key:  4; Health: 100.0; Tile: ROAD
2018-05-27 11:25:07 INFO  Car - Speed:   2.6; Angle: 210.0; Position:  7,15; Key:  4; Health: 100.0; Tile: ROAD
2018-05-27 11:25:07 INFO  Car - Speed:   2.5; Angle: 206.7; Position:  7,15; Key:  4; Health: 100.0; Tile: ROAD
2018-05-27 11:25:07 INFO  Car - Speed:   2.5; Angle: 203.3; Position:  7,15; Key:  4; Health: 100.0; Tile: ROAD
2018-05-27 11:25:08 INFO  Car - Speed:   2.5; Angle: 200.0; Position:  7,15; Key:  4; Health: 100.0; Tile: ROAD
2018-05-27 11:25:08 INFO  Car - Speed:   2.5; Angle: 196.7; Position:  7,15; Key:  4; Health: 100.0; Tile: ROAD
2018-05-27 11:25:08 INFO  Car - Speed:   2.5; Angle: 193.3; Position:  7,15; Key:  4; Health: 100.0; Tile: ROAD
2018-05-27 11:25:08 INFO  Car - Speed:   2.5; Angle: 190.0; Position:  7,15; Key:  4; Health: 100.0; Tile: ROAD
2018-05-27 11:25:08 INFO  Car - Speed:   2.5; Angle: 186.7; Position:  7,15; Key:  4; Health: 100.0; Tile: ROAD
2018-05-27 11:25:08 INFO  Car - Speed:   2.5; Angle: 183.3; Position:  7,15; Key:  4; Health: 100.0; Tile: ROAD
2018-05-27 11:25:08 INFO  Car - Speed:   2.5; Angle: 180.0; Position:  7,15; Key:  4; Health: 100.0; Tile: ROAD
2018-05-27 11:25:08 INFO  Car - Speed:   2.5; Angle: 180.0; Position:  7,15; Key:  4; Health: 100.0; Tile: ROAD
2018-05-27 11:25:08 INFO  Car - Speed:   2.5; Angle: 180.0; Position:  7,15; Key:  4; Health: 100.0; Tile: ROAD
2018-05-27 11:25:08 INFO  Car - Speed:   2.6; Angle: 180.0; Position:  7,15; Key:  4; Health: 100.0; Tile: ROAD
2018-05-27 11:25:08 INFO  Car - Speed:   2.6; Angle: 180.0; Position:  6,15; Key:  4; Health: 100.0; Tile: ROAD
2018-05-27 11:25:08 INFO  Car - Speed:   2.6; Angle: 180.0; Position:  6,15; Key:  4; Health: 100.0; Tile: ROAD
2018-05-27 11:25:08 INFO  Car - Speed:   2.7; Angle: 180.0; Position:  6,15; Key:  4; Health: 100.0; Tile: ROAD
2018-05-27 11:25:08 INFO  Car - Speed:   2.7; Angle: 180.0; Position:  6,15; Key:  4; Health: 100.0; Tile: ROAD
2018-05-27 11:25:08 INFO  Car - Speed:   2.7; Angle: 180.0; Position:  6,15; Key:  4; Health: 100.0; Tile: ROAD
2018-05-27 11:25:08 INFO  Car - Speed:   2.8; Angle: 180.0; Position:  6,15; Key:  4; Health: 100.0; Tile: ROAD
2018-05-27 11:25:08 INFO  Car - Speed:   2.8; Angle: 180.0; Position:  6,15; Key:  4; Health: 100.0; Tile: ROAD
2018-05-27 11:25:08 INFO  Car - Speed:   2.8; Angle: 180.0; Position:  6,15; Key:  4; Health: 100.0; Tile: ROAD
2018-05-27 11:25:08 INFO  Car - Speed:   2.9; Angle: 180.0; Position:  6,15; Key:  4; Health: 100.0; Tile: ROAD
2018-05-27 11:25:08 INFO  Car - Speed:   2.9; Angle: 180.0; Position:  6,15; Key:  4; Health: 100.0; Tile: ROAD
2018-05-27 11:25:08 INFO  Car - Speed:   2.9; Angle: 180.0; Position:  6,15; Key:  4; Health: 100.0; Tile: ROAD
2018-05-27 11:25:08 INFO  Car - Speed:   3.0; Angle: 180.0; Position:  6,15; Key:  4; Health: 100.0; Tile: ROAD
2018-05-27 11:25:08 INFO  Car - Speed:   3.0; Angle: 180.0; Position:  6,15; Key:  4; Health: 100.0; Tile: ROAD
2018-05-27 11:25:08 INFO  Car - Speed:   3.0; Angle: 180.0; Position:  6,15; Key:  4; Health: 100.0; Tile: ROAD
2018-05-27 11:25:08 INFO  Car - Speed:   3.0; Angle: 180.0; Position:  6,15; Key:  4; Health: 100.0; Tile: ROAD
2018-05-27 11:25:08 INFO  Car - Speed:   3.0; Angle: 180.0; Position:  5,15; Key:  4; Health: 100.0; Tile: ROAD
2018-05-27 11:25:08 INFO  Car - Speed:   3.0; Angle: 180.0; Position:  5,15; Key:  4; Health: 100.0; Tile: ROAD
2018-05-27 11:25:08 INFO  Car - Speed:   3.0; Angle: 180.0; Position:  5,15; Key:  4; Health: 100.0; Tile: ROAD
2018-05-27 11:25:08 INFO  Car - Speed:   3.0; Angle: 180.0; Position:  5,15; Key:  4; Health: 100.0; Tile: ROAD
2018-05-27 11:25:08 INFO  Car - Speed:   3.0; Angle: 180.0; Position:  5,15; Key:  4; Health: 100.0; Tile: ROAD
2018-05-27 11:25:08 INFO  Car - Speed:   3.0; Angle: 180.0; Position:  5,15; Key:  4; Health: 100.0; Tile: ROAD
2018-05-27 11:25:08 INFO  Car - Speed:   3.0; Angle: 180.0; Position:  5,15; Key:  4; Health: 100.0; Tile: ROAD
2018-05-27 11:25:08 INFO  Car - Speed:   3.0; Angle: 180.0; Position:  5,15; Key:  4; Health: 100.0; Tile: ROAD
2018-05-27 11:25:08 INFO  Car - Speed:   3.0; Angle: 180.0; Position:  5,15; Key:  4; Health: 100.0; Tile: ROAD
2018-05-27 11:25:08 INFO  Car - Speed:   3.0; Angle: 180.0; Position:  5,15; Key:  4; Health: 100.0; Tile: ROAD
2018-05-27 11:25:08 INFO  Car - Speed:   3.0; Angle: 180.0; Position:  5,15; Key:  4; Health: 100.0; Tile: ROAD
2018-05-27 11:25:08 INFO  Car - Speed:   3.0; Angle: 180.0; Position:  5,15; Key:  4; Health: 100.0; Tile: ROAD
2018-05-27 11:25:08 INFO  Car - Speed:   3.0; Angle: 180.0; Position:  5,15; Key:  4; Health: 100.0; Tile: ROAD
2018-05-27 11:25:08 INFO  Car - Speed:   3.0; Angle: 180.0; Position:  5,15; Key:  4; Health: 100.0; Tile: ROAD
2018-05-27 11:25:08 INFO  Car - Speed:   3.0; Angle: 180.0; Position:  5,15; Key:  4; Health: 100.0; Tile: ROAD
2018-05-27 11:25:08 INFO  Car - Speed:   3.0; Angle: 180.0; Position:  4,15; Key:  4; Health: 100.0; Tile: ROAD
2018-05-27 11:25:08 INFO  Car - Speed:   3.0; Angle: 180.0; Position:  4,15; Key:  4; Health: 100.0; Tile: ROAD
2018-05-27 11:25:08 INFO  Car - Speed:   3.0; Angle: 180.0; Position:  4,15; Key:  4; Health: 100.0; Tile: ROAD
2018-05-27 11:25:08 INFO  Car - Speed:   3.0; Angle: 180.0; Position:  4,15; Key:  4; Health: 100.0; Tile: ROAD
2018-05-27 11:25:08 INFO  Car - Speed:   3.0; Angle: 180.0; Position:  4,15; Key:  4; Health: 100.0; Tile: ROAD
2018-05-27 11:25:09 INFO  Car - Speed:   3.0; Angle: 180.0; Position:  4,15; Key:  4; Health: 100.0; Tile: ROAD
2018-05-27 11:25:09 INFO  Car - Speed:   3.0; Angle: 180.0; Position:  4,15; Key:  4; Health: 100.0; Tile: ROAD
2018-05-27 11:25:09 INFO  Car - Speed:   3.0; Angle: 180.0; Position:  4,15; Key:  4; Health: 100.0; Tile: ROAD
2018-05-27 11:25:09 INFO  Car - Speed:   3.0; Angle: 180.0; Position:  4,15; Key:  4; Health: 100.0; Tile: ROAD
2018-05-27 11:25:09 INFO  Car - Speed:   3.0; Angle: 180.0; Position:  4,15; Key:  4; Health: 100.0; Tile: ROAD
2018-05-27 11:25:09 INFO  Car - Speed:   3.0; Angle: 180.0; Position:  4,15; Key:  4; Health: 100.0; Tile: ROAD
2018-05-27 11:25:09 INFO  Car - Speed:   3.0; Angle: 180.0; Position:  4,15; Key:  4; Health: 100.0; Tile: ROAD
2018-05-27 11:25:09 INFO  Car - Speed:   3.0; Angle: 180.0; Position:  4,15; Key:  4; Health: 100.0; Tile: ROAD
2018-05-27 11:25:09 INFO  Car - Speed:   3.0; Angle: 180.0; Position:  4,15; Key:  4; Health: 100.0; Tile: ROAD
2018-05-27 11:25:09 INFO  Car - Speed:   3.0; Angle: 180.0; Position:  4,15; Key:  4; Health: 100.0; Tile: ROAD
2018-05-27 11:25:09 INFO  Car - Speed:   3.0; Angle: 180.0; Position:  3,15; Key:  4; Health: 100.0; Tile: ROAD
2018-05-27 11:25:09 INFO  Car - Speed:   3.0; Angle: 180.0; Position:  3,15; Key:  4; Health: 100.0; Tile: ROAD
2018-05-27 11:25:09 INFO  Car - Speed:   3.0; Angle: 180.0; Position:  3,15; Key:  4; Health: 100.0; Tile: ROAD
2018-05-27 11:25:09 INFO  Car - Speed:   3.0; Angle: 180.0; Position:  3,15; Key:  4; Health: 100.0; Tile: ROAD
2018-05-27 11:25:09 INFO  Car - Speed:   3.0; Angle: 180.0; Position:  3,15; Key:  4; Health: 100.0; Tile: ROAD
2018-05-27 11:25:09 INFO  Car - Speed:   3.0; Angle: 180.0; Position:  3,15; Key:  4; Health: 100.0; Tile: ROAD
2018-05-27 11:25:09 INFO  Car - Speed:   3.0; Angle: 180.0; Position:  3,15; Key:  4; Health: 100.0; Tile: ROAD
2018-05-27 11:25:09 INFO  Car - Speed:   3.0; Angle: 180.0; Position:  3,15; Key:  4; Health: 100.0; Tile: ROAD
2018-05-27 11:25:09 INFO  Car - Speed:   3.0; Angle: 180.0; Position:  3,15; Key:  4; Health: 100.0; Tile: ROAD
2018-05-27 11:25:09 INFO  Car - Speed:   3.0; Angle: 180.0; Position:  3,15; Key:  4; Health: 100.0; Tile: ROAD
2018-05-27 11:25:09 INFO  Car - Speed:   3.0; Angle: 180.0; Position:  3,15; Key:  4; Health: 100.0; Tile: ROAD
2018-05-27 11:25:09 INFO  Car - Speed:   3.0; Angle: 180.0; Position:  3,15; Key:  4; Health: 100.0; Tile: ROAD
2018-05-27 11:25:09 INFO  Car - Speed:   3.0; Angle: 180.0; Position:  3,15; Key:  4; Health: 100.0; Tile: ROAD
2018-05-27 11:25:09 INFO  Car - Speed:   3.0; Angle: 180.0; Position:  3,15; Key:  4; Health: 100.0; Tile: ROAD
2018-05-27 11:25:09 INFO  Car - Speed:   3.0; Angle: 180.0; Position:  3,15; Key:  4; Health: 100.0; Tile: ROAD
2018-05-27 11:25:09 INFO  Car - Speed:   3.0; Angle: 180.0; Position:  2,15; Key:  4; Health: 100.0; Tile: ROAD
2018-05-27 11:25:09 INFO  Car - Speed:   3.0; Angle: 180.0; Position:  2,15; Key:  4; Health: 100.0; Tile: ROAD
2018-05-27 11:25:09 INFO  Car - Speed:   3.0; Angle: 176.7; Position:  2,15; Key:  4; Health: 100.0; Tile: ROAD
2018-05-27 11:25:09 INFO  Car - Speed:   3.0; Angle: 173.3; Position:  2,15; Key:  4; Health: 100.0; Tile: ROAD
2018-05-27 11:25:09 INFO  Car - Speed:   3.0; Angle: 170.0; Position:  2,15; Key:  4; Health: 100.0; Tile: ROAD
2018-05-27 11:25:09 INFO  Car - Speed:   3.0; Angle: 166.7; Position:  2,15; Key:  4; Health: 100.0; Tile: ROAD
2018-05-27 11:25:09 INFO  Car - Speed:   3.0; Angle: 163.3; Position:  2,15; Key:  4; Health: 100.0; Tile: ROAD
2018-05-27 11:25:09 INFO  Car - Speed:   3.0; Angle: 160.0; Position:  2,15; Key:  4; Health: 100.0; Tile: ROAD
2018-05-27 11:25:09 INFO  Car - Speed:   2.9; Angle: 156.7; Position:  2,15; Key:  4; Health: 100.0; Tile: ROAD
2018-05-27 11:25:09 INFO  Car - Speed:   2.9; Angle: 153.3; Position:  2,15; Key:  4; Health: 100.0; Tile: ROAD
2018-05-27 11:25:09 INFO  Car - Speed:   2.9; Angle: 150.0; Position:  2,15; Key:  4; Health: 100.0; Tile: ROAD
2018-05-27 11:25:09 INFO  Car - Speed:   2.9; Angle: 146.7; Position:  2,15; Key:  4; Health: 100.0; Tile: ROAD
2018-05-27 11:25:09 INFO  Car - Speed:   2.9; Angle: 143.3; Position:  2,15; Key:  4; Health: 100.0; Tile: ROAD
2018-05-27 11:25:09 INFO  Car - Speed:   2.9; Angle: 140.0; Position:  2,15; Key:  4; Health: 100.0; Tile: ROAD
2018-05-27 11:25:09 INFO  Car - Speed:   2.9; Angle: 136.7; Position:  2,15; Key:  4; Health: 100.0; Tile: ROAD
2018-05-27 11:25:09 INFO  Car - Speed:   2.9; Angle: 133.3; Position:  2,15; Key:  4; Health: 100.0; Tile: ROAD
2018-05-27 11:25:09 INFO  Car - Speed:   2.9; Angle: 130.0; Position:  2,15; Key:  4; Health: 100.0; Tile: ROAD
2018-05-27 11:25:09 INFO  Car - Speed:   2.8; Angle: 126.7; Position:  2,15; Key:  4; Health: 100.0; Tile: ROAD
2018-05-27 11:25:09 INFO  Car - Speed:   2.8; Angle: 123.3; Position:  1,15; Key:  4; Health: 100.0; Tile: ROAD
2018-05-27 11:25:09 INFO  Car - Speed:   2.8; Angle: 120.0; Position:  1,15; Key:  4; Health: 100.0; Tile: ROAD
2018-05-27 11:25:10 INFO  Car - Speed:   2.8; Angle: 116.7; Position:  1,15; Key:  4; Health: 100.0; Tile: ROAD
2018-05-27 11:25:10 INFO  Car - Speed:   2.8; Angle: 113.3; Position:  1,16; Key:  4; Health: 100.0; Tile: ROAD
2018-05-27 11:25:10 INFO  Car - Speed:   2.8; Angle: 110.0; Position:  1,16; Key:  4; Health: 100.0; Tile: ROAD
2018-05-27 11:25:10 INFO  Car - Speed:   2.8; Angle: 106.7; Position:  1,16; Key:  4; Health: 100.0; Tile: ROAD
2018-05-27 11:25:10 INFO  Car - Speed:   2.8; Angle: 103.3; Position:  1,16; Key:  4; Health: 100.0; Tile: ROAD
2018-05-27 11:25:10 INFO  Car - Speed:   2.8; Angle: 100.0; Position:  1,16; Key:  4; Health: 100.0; Tile: ROAD
2018-05-27 11:25:10 INFO  Car - Speed:   2.7; Angle:  96.7; Position:  1,16; Key:  4; Health: 100.0; Tile: ROAD
2018-05-27 11:25:10 INFO  Car - Speed:   2.7; Angle:  93.3; Position:  1,16; Key:  4; Health: 100.0; Tile: ROAD
2018-05-27 11:25:10 INFO  Car - Speed:   2.7; Angle:  90.0; Position:  1,16; Key:  4; Health: 100.0; Tile: ROAD
2018-05-27 11:25:10 INFO  Car - Speed:   2.8; Angle:  90.0; Position:  1,16; Key:  4; Health: 100.0; Tile: ROAD
2018-05-27 11:25:10 INFO  Car - Speed:   2.8; Angle:  90.0; Position:  1,16; Key:  4; Health: 100.0; Tile: ROAD
2018-05-27 11:25:10 INFO  Car - Speed:   2.8; Angle:  90.0; Position:  1,16; Key:  4; Health: 100.0; Tile: ROAD
2018-05-27 11:25:10 INFO  Car - Speed:   2.9; Angle:  90.0; Position:  1,16; Key:  4; Health: 100.0; Tile: ROAD
2018-05-27 11:25:10 INFO  Car - Speed:   2.9; Angle:  90.0; Position:  1,16; Key:  4; Health: 100.0; Tile: ROAD
2018-05-27 11:25:10 INFO  Car - Speed:   2.9; Angle:  90.0; Position:  1,16; Key:  4; Health: 100.0; Tile: ROAD
2018-05-27 11:25:10 INFO  Car - Speed:   3.0; Angle:  90.0; Position:  1,16; Key:  4; Health: 100.0; Tile: ROAD
2018-05-27 11:25:10 INFO  Car - Speed:   3.0; Angle:  90.0; Position:  1,16; Key:  4; Health: 100.0; Tile: ROAD
2018-05-27 11:25:10 INFO  Car - Speed:   3.0; Angle:  90.0; Position:  1,17; Key:  4; Health: 100.0; Tile: ROAD
2018-05-27 11:25:10 INFO  Car - Speed:   3.0; Angle:  90.0; Position:  1,17; Key:  4; Health: 100.0; Tile: ROAD
2018-05-27 11:25:10 INFO  Car - Speed:   3.0; Angle:  86.7; Position:  1,17; Key:  4; Health: 100.0; Tile: ROAD
2018-05-27 11:25:10 INFO  Car - Speed:   3.0; Angle:  83.3; Position:  1,17; Key:  4; Health: 100.0; Tile: ROAD
2018-05-27 11:25:10 INFO  Car - Speed:   3.0; Angle:  80.0; Position:  1,17; Key:  4; Health: 100.0; Tile: ROAD
2018-05-27 11:25:10 INFO  Car - Speed:   3.0; Angle:  76.7; Position:  1,17; Key:  4; Health: 100.0; Tile: ROAD
2018-05-27 11:25:10 INFO  Car - Speed:   3.0; Angle:  73.3; Position:  1,17; Key:  4; Health: 100.0; Tile: ROAD
2018-05-27 11:25:10 INFO  Car - Speed:   2.9; Angle:  70.0; Position:  1,17; Key:  4; Health: 100.0; Tile: ROAD
2018-05-27 11:25:10 INFO  Car - Speed:   2.9; Angle:  66.7; Position:  1,17; Key:  4; Health: 100.0; Tile: ROAD
2018-05-27 11:25:10 INFO  Car - Speed:   2.9; Angle:  63.3; Position:  1,17; Key:  4; Health: 100.0; Tile: ROAD
2018-05-27 11:25:10 INFO  Car - Speed:   2.9; Angle:  60.0; Position:  2,17; Key:  4; Health: 100.0; Tile: START
2018-05-27 11:25:10 INFO  Car - Speed:   2.9; Angle:  56.7; Position:  2,17; Key:  4; Health: 100.0; Tile: START
2018-05-27 11:25:10 INFO  Car - Speed:   2.9; Angle:  53.3; Position:  2,17; Key:  4; Health: 100.0; Tile: START
2018-05-27 11:25:10 INFO  Car - Speed:   2.9; Angle:  50.0; Position:  2,17; Key:  4; Health: 100.0; Tile: START
2018-05-27 11:25:10 INFO  Car - Speed:   2.9; Angle:  46.7; Position:  2,17; Key:  4; Health: 100.0; Tile: START
2018-05-27 11:25:10 INFO  Car - Speed:   2.9; Angle:  43.3; Position:  2,17; Key:  4; Health: 100.0; Tile: START
2018-05-27 11:25:10 INFO  Car - Speed:   2.8; Angle:  40.0; Position:  2,17; Key:  4; Health: 100.0; Tile: START
2018-05-27 11:25:10 INFO  Car - Speed:   2.8; Angle:  36.7; Position:  2,17; Key:  4; Health: 100.0; Tile: START
2018-05-27 11:25:10 INFO  Car - Speed:   2.8; Angle:  33.3; Position:  2,18; Key:  4; Health: 100.0; Tile: ROAD
2018-05-27 11:25:10 INFO  Car - Speed:   2.8; Angle:  30.0; Position:  2,18; Key:  4; Health: 100.0; Tile: ROAD
2018-05-27 11:25:10 INFO  Car - Speed:   2.8; Angle:  26.7; Position:  2,18; Key:  4; Health: 100.0; Tile: ROAD
2018-05-27 11:25:10 INFO  Car - Speed:   2.8; Angle:  23.3; Position:  2,18; Key:  4; Health: 100.0; Tile: ROAD
2018-05-27 11:25:10 INFO  Car - Speed:   2.8; Angle:  20.0; Position:  2,18; Key:  4; Health: 100.0; Tile: ROAD
2018-05-27 11:25:10 INFO  Car - Speed:   2.8; Angle:  16.7; Position:  2,18; Key:  4; Health: 100.0; Tile: ROAD
2018-05-27 11:25:10 INFO  Car - Speed:   2.8; Angle:  13.3; Position:  2,18; Key:  4; Health: 100.0; Tile: ROAD
2018-05-27 11:25:10 INFO  Car - Speed:   2.7; Angle:  10.0; Position:  2,18; Key:  4; Health: 100.0; Tile: ROAD
2018-05-27 11:25:10 INFO  Car - Speed:   2.7; Angle:   6.7; Position:  2,18; Key:  4; Health: 100.0; Tile: ROAD
2018-05-27 11:25:10 INFO  Car - Speed:   2.7; Angle:   3.3; Position:  2,18; Key:  4; Health: 100.0; Tile: ROAD
2018-05-27 11:25:11 INFO  Car - Speed:   2.7; Angle:   0.0; Position:  2,18; Key:  4; Health: 100.0; Tile: ROAD
2018-05-27 11:25:11 INFO  Car - Speed:   2.7; Angle:   0.0; Position:  3,18; Key:  4; Health: 100.0; Tile: ROAD
2018-05-27 11:25:11 INFO  Car - Speed:   2.8; Angle:   0.0; Position:  3,18; Key:  4; Health: 100.0; Tile: ROAD
2018-05-27 11:25:11 INFO  Car - Speed:   2.8; Angle:   0.0; Position:  3,18; Key:  4; Health: 100.0; Tile: ROAD
2018-05-27 11:25:11 INFO  Car - Speed:   2.8; Angle:   0.0; Position:  3,18; Key:  4; Health: 100.0; Tile: ROAD
2018-05-27 11:25:11 INFO  Car - Speed:   2.9; Angle:   0.0; Position:  3,18; Key:  4; Health: 100.0; Tile: ROAD
2018-05-27 11:25:11 INFO  Car - Speed:   2.9; Angle:   0.0; Position:  3,18; Key:  4; Health: 100.0; Tile: ROAD
2018-05-27 11:25:11 INFO  Car - Speed:   2.9; Angle:   0.0; Position:  3,18; Key:  4; Health: 100.0; Tile: ROAD
2018-05-27 11:25:11 INFO  Car - Speed:   3.0; Angle:   0.0; Position:  3,18; Key:  4; Health: 100.0; Tile: ROAD
2018-05-27 11:25:11 INFO  Car - Speed:   3.0; Angle:   0.0; Position:  3,18; Key:  4; Health: 100.0; Tile: ROAD
2018-05-27 11:25:11 INFO  Car - Speed:   3.0; Angle:   0.0; Position:  3,18; Key:  4; Health: 100.0; Tile: ROAD
2018-05-27 11:25:11 INFO  Car - Speed:   3.0; Angle:   0.0; Position:  3,18; Key:  4; Health: 100.0; Tile: ROAD
2018-05-27 11:25:11 INFO  Car - Speed:   3.0; Angle:   0.0; Position:  3,18; Key:  4; Health: 100.0; Tile: ROAD
2018-05-27 11:25:11 INFO  Car - Speed:   3.0; Angle:   0.0; Position:  3,18; Key:  4; Health: 100.0; Tile: ROAD
2018-05-27 11:25:11 INFO  Car - Speed:   3.0; Angle:   0.0; Position:  3,18; Key:  4; Health: 100.0; Tile: ROAD
2018-05-27 11:25:11 INFO  Car - Speed:   3.0; Angle:   0.0; Position:  3,18; Key:  4; Health: 100.0; Tile: ROAD
2018-05-27 11:25:11 INFO  Car - Speed:   3.0; Angle:   0.0; Position:  3,18; Key:  4; Health: 100.0; Tile: ROAD
2018-05-27 11:25:11 INFO  Car - Speed:   3.0; Angle:   0.0; Position:  4,18; Key:  4; Health: 100.0; Tile: ROAD
2018-05-27 11:25:11 INFO  Car - Speed:   3.0; Angle:   0.0; Position:  4,18; Key:  4; Health: 100.0; Tile: ROAD
2018-05-27 11:25:11 INFO  Car - Speed:   3.0; Angle:   0.0; Position:  4,18; Key:  4; Health: 100.0; Tile: ROAD
2018-05-27 11:25:11 INFO  Car - Speed:   3.0; Angle:   0.0; Position:  4,18; Key:  4; Health: 100.0; Tile: ROAD
2018-05-27 11:25:11 INFO  Car - Speed:   3.0; Angle:   0.0; Position:  4,18; Key:  4; Health: 100.0; Tile: ROAD
2018-05-27 11:25:11 INFO  Car - Speed:   3.0; Angle:   0.0; Position:  4,18; Key:  4; Health: 100.0; Tile: ROAD
2018-05-27 11:25:11 INFO  Car - Speed:   3.0; Angle:   0.0; Position:  4,18; Key:  4; Health: 100.0; Tile: ROAD
2018-05-27 11:25:11 INFO  Car - Speed:   3.0; Angle:   0.0; Position:  4,18; Key:  4; Health: 100.0; Tile: ROAD
2018-05-27 11:25:11 INFO  Car - Speed:   3.0; Angle:   0.0; Position:  4,18; Key:  4; Health: 100.0; Tile: ROAD
2018-05-27 11:25:11 INFO  Car - Speed:   3.0; Angle:   0.0; Position:  4,18; Key:  4; Health: 100.0; Tile: ROAD
2018-05-27 11:25:11 INFO  Car - Speed:   3.0; Angle:   0.0; Position:  4,18; Key:  4; Health: 100.0; Tile: ROAD
2018-05-27 11:25:11 INFO  Car - Speed:   3.0; Angle:   0.0; Position:  4,18; Key:  4; Health: 100.0; Tile: ROAD
2018-05-27 11:25:11 INFO  Car - Speed:   3.0; Angle:   0.0; Position:  4,18; Key:  4; Health: 100.0; Tile: ROAD
2018-05-27 11:25:11 INFO  Car - Speed:   3.0; Angle:   0.0; Position:  4,18; Key:  4; Health: 100.0; Tile: ROAD
2018-05-27 11:25:11 INFO  Car - Speed:   3.0; Angle:   0.0; Position:  4,18; Key:  4; Health: 100.0; Tile: ROAD
2018-05-27 11:25:11 INFO  Car - Speed:   3.0; Angle:   0.0; Position:  5,18; Key:  4; Health: 100.0; Tile: ROAD
2018-05-27 11:25:11 INFO  Car - Speed:   3.0; Angle:   0.0; Position:  5,18; Key:  4; Health: 100.0; Tile: ROAD
2018-05-27 11:25:11 INFO  Car - Speed:   3.0; Angle:   0.0; Position:  5,18; Key:  4; Health: 100.0; Tile: ROAD
2018-05-27 11:25:11 INFO  Car - Speed:   3.0; Angle:   0.0; Position:  5,18; Key:  4; Health: 100.0; Tile: ROAD
2018-05-27 11:25:11 INFO  Car - Speed:   3.0; Angle:   0.0; Position:  5,18; Key:  4; Health: 100.0; Tile: ROAD
2018-05-27 11:25:11 INFO  Car - Speed:   3.0; Angle:   0.0; Position:  5,18; Key:  4; Health: 100.0; Tile: ROAD
2018-05-27 11:25:11 INFO  Car - Speed:   3.0; Angle:   0.0; Position:  5,18; Key:  4; Health: 100.0; Tile: ROAD
2018-05-27 11:25:11 INFO  Car - Speed:   3.0; Angle:   0.0; Position:  5,18; Key:  4; Health: 100.0; Tile: ROAD
2018-05-27 11:25:11 INFO  Car - Speed:   3.0; Angle:   0.0; Position:  5,18; Key:  4; Health: 100.0; Tile: ROAD
2018-05-27 11:25:11 INFO  Car - Speed:   3.0; Angle:   0.0; Position:  5,18; Key:  4; Health: 100.0; Tile: ROAD
2018-05-27 11:25:11 INFO  Car - Speed:   3.0; Angle:   0.0; Position:  5,18; Key:  4; Health: 100.0; Tile: ROAD
2018-05-27 11:25:11 INFO  Car - Speed:   3.0; Angle:   0.0; Position:  5,18; Key:  4; Health: 100.0; Tile: ROAD
2018-05-27 11:25:11 INFO  Car - Speed:   3.0; Angle:   0.0; Position:  5,18; Key:  4; Health: 100.0; Tile: ROAD
2018-05-27 11:25:12 INFO  Car - Speed:   3.0; Angle:   0.0; Position:  5,18; Key:  4; Health: 100.0; Tile: ROAD
2018-05-27 11:25:12 INFO  Car - Speed:   3.0; Angle:   0.0; Position:  5,18; Key:  4; Health: 100.0; Tile: ROAD
2018-05-27 11:25:12 INFO  Car - Speed:   3.0; Angle:   0.0; Position:  6,18; Key:  4; Health: 100.0; Tile: ROAD
2018-05-27 11:25:12 INFO  Car - Speed:   3.0; Angle:   0.0; Position:  6,18; Key:  4; Health: 100.0; Tile: ROAD
2018-05-27 11:25:12 INFO  Car - Speed:   3.0; Angle:   0.0; Position:  6,18; Key:  4; Health: 100.0; Tile: ROAD
2018-05-27 11:25:12 INFO  Car - Speed:   3.0; Angle:   0.0; Position:  6,18; Key:  4; Health: 100.0; Tile: ROAD
2018-05-27 11:25:12 INFO  Car - Speed:   3.0; Angle:   0.0; Position:  6,18; Key:  4; Health: 100.0; Tile: ROAD
2018-05-27 11:25:12 INFO  Car - Speed:   3.0; Angle:   0.0; Position:  6,18; Key:  4; Health: 100.0; Tile: ROAD
2018-05-27 11:25:12 INFO  Car - Speed:   3.0; Angle:   0.0; Position:  6,18; Key:  4; Health: 100.0; Tile: ROAD
2018-05-27 11:25:12 INFO  Car - Speed:   3.0; Angle:   0.0; Position:  6,18; Key:  4; Health: 100.0; Tile: ROAD
2018-05-27 11:25:12 INFO  Car - Speed:   3.0; Angle:   0.0; Position:  6,18; Key:  4; Health: 100.0; Tile: ROAD
2018-05-27 11:25:12 INFO  Car - Speed:   3.0; Angle:   0.0; Position:  6,18; Key:  4; Health: 100.0; Tile: ROAD
2018-05-27 11:25:12 INFO  Car - Speed:   3.0; Angle:   0.0; Position:  6,18; Key:  4; Health: 100.0; Tile: ROAD
2018-05-27 11:25:12 INFO  Car - Speed:   3.0; Angle:   0.0; Position:  6,18; Key:  4; Health: 100.0; Tile: ROAD
2018-05-27 11:25:12 INFO  Car - Speed:   3.0; Angle:   0.0; Position:  6,18; Key:  4; Health: 100.0; Tile: ROAD
2018-05-27 11:25:12 INFO  Car - Speed:   3.0; Angle:   0.0; Position:  6,18; Key:  4; Health: 100.0; Tile: ROAD
2018-05-27 11:25:12 INFO  Car - Speed:   3.0; Angle:   0.0; Position:  6,18; Key:  4; Health: 100.0; Tile: ROAD
2018-05-27 11:25:12 INFO  Car - Speed:   3.0; Angle:   0.0; Position:  7,18; Key:  4; Health: 100.0; Tile: ROAD
2018-05-27 11:25:12 INFO  Car - Speed:   3.0; Angle:   0.0; Position:  7,18; Key:  4; Health: 100.0; Tile: ROAD
2018-05-27 11:25:12 INFO  Car - Speed:   3.0; Angle: 356.7; Position:  7,18; Key:  4; Health: 100.0; Tile: ROAD
2018-05-27 11:25:12 INFO  Car - Speed:   3.0; Angle: 353.3; Position:  7,18; Key:  4; Health: 100.0; Tile: ROAD
2018-05-27 11:25:12 INFO  Car - Speed:   3.0; Angle: 350.0; Position:  7,18; Key:  4; Health: 100.0; Tile: ROAD
2018-05-27 11:25:12 INFO  Car - Speed:   2.9; Angle: 346.7; Position:  7,18; Key:  4; Health: 100.0; Tile: ROAD
2018-05-27 11:25:12 INFO  Car - Speed:   2.9; Angle: 343.3; Position:  7,18; Key:  4; Health: 100.0; Tile: ROAD
2018-05-27 11:25:12 INFO  Car - Speed:   2.9; Angle: 340.0; Position:  7,18; Key:  4; Health: 100.0; Tile: ROAD
2018-05-27 11:25:12 INFO  Car - Speed:   2.9; Angle: 336.7; Position:  7,18; Key:  4; Health: 100.0; Tile: ROAD
2018-05-27 11:25:12 INFO  Car - Speed:   2.9; Angle: 333.3; Position:  7,18; Key:  4; Health: 100.0; Tile: ROAD
2018-05-27 11:25:12 INFO  Car - Speed:   2.9; Angle: 330.0; Position:  7,18; Key:  4; Health: 100.0; Tile: ROAD
2018-05-27 11:25:12 INFO  Car - Speed:   2.9; Angle: 326.7; Position:  7,17; Key:  4; Health: 100.0; Tile: ROAD
2018-05-27 11:25:12 INFO  Car - Speed:   2.9; Angle: 323.3; Position:  7,17; Key:  4; Health: 100.0; Tile: ROAD
2018-05-27 11:25:12 INFO  Car - Speed:   2.9; Angle: 320.0; Position:  7,17; Key:  4; Health: 100.0; Tile: ROAD
2018-05-27 11:25:12 INFO  Car - Speed:   2.8; Angle: 316.7; Position:  7,17; Key:  4; Health: 100.0; Tile: ROAD
2018-05-27 11:25:12 INFO  Car - Speed:   2.8; Angle: 313.3; Position:  7,17; Key:  4; Health: 100.0; Tile: ROAD
2018-05-27 11:25:12 INFO  Car - Speed:   2.8; Angle: 310.0; Position:  7,17; Key:  4; Health: 100.0; Tile: ROAD
2018-05-27 11:25:12 INFO  Car - Speed:   2.8; Angle: 306.7; Position:  8,17; Key:  4; Health: 100.0; Tile: ROAD
2018-05-27 11:25:12 INFO  Car - Speed:   2.8; Angle: 303.3; Position:  8,17; Key:  4; Health: 100.0; Tile: ROAD
2018-05-27 11:25:12 INFO  Car - Speed:   2.8; Angle: 300.0; Position:  8,17; Key:  4; Health: 100.0; Tile: ROAD
2018-05-27 11:25:12 INFO  Car - Speed:   2.8; Angle: 296.7; Position:  8,17; Key:  4; Health: 100.0; Tile: ROAD
2018-05-27 11:25:12 INFO  Car - Speed:   2.8; Angle: 293.3; Position:  8,17; Key:  4; Health: 100.0; Tile: ROAD
2018-05-27 11:25:12 INFO  Car - Speed:   2.8; Angle: 290.0; Position:  8,17; Key:  4; Health: 100.0; Tile: ROAD
2018-05-27 11:25:12 INFO  Car - Speed:   2.7; Angle: 286.7; Position:  8,17; Key:  4; Health: 100.0; Tile: ROAD
2018-05-27 11:25:12 INFO  Car - Speed:   2.7; Angle: 283.3; Position:  8,17; Key:  4; Health: 100.0; Tile: ROAD
2018-05-27 11:25:12 INFO  Car - Speed:   2.7; Angle: 280.0; Position:  8,17; Key:  4; Health: 100.0; Tile: ROAD
2018-05-27 11:25:12 INFO  Car - Speed:   2.7; Angle: 276.7; Position:  8,17; Key:  4; Health: 100.0; Tile: ROAD
2018-05-27 11:25:12 INFO  Car - Speed:   2.7; Angle: 273.3; Position:  8,17; Key:  4; Health: 100.0; Tile: ROAD
2018-05-27 11:25:13 INFO  Car - Speed:   2.7; Angle: 270.0; Position:  8,17; Key:  4; Health: 100.0; Tile: ROAD
2018-05-27 11:25:13 INFO  Car - Speed:   2.7; Angle: 270.0; Position:  8,17; Key:  4; Health: 100.0; Tile: ROAD
2018-05-27 11:25:13 INFO  Car - Speed:   2.8; Angle: 270.0; Position:  8,16; Key:  4; Health: 100.0; Tile: ROAD
2018-05-27 11:25:13 INFO  Car - Speed:   2.8; Angle: 270.0; Position:  8,16; Key:  4; Health: 100.0; Tile: ROAD
2018-05-27 11:25:13 INFO  Car - Speed:   2.8; Angle: 270.0; Position:  8,16; Key:  4; Health: 100.0; Tile: ROAD
2018-05-27 11:25:13 INFO  Car - Speed:   2.9; Angle: 270.0; Position:  8,16; Key:  4; Health: 100.0; Tile: ROAD
2018-05-27 11:25:13 INFO  Car - Speed:   2.9; Angle: 270.0; Position:  8,16; Key:  4; Health: 100.0; Tile: ROAD
2018-05-27 11:25:13 INFO  Car - Speed:   2.9; Angle: 270.0; Position:  8,16; Key:  4; Health: 100.0; Tile: ROAD
2018-05-27 11:25:13 INFO  Car - Speed:   3.0; Angle: 270.0; Position:  8,16; Key:  4; Health: 100.0; Tile: ROAD
2018-05-27 11:25:13 INFO  Car - Speed:   3.0; Angle: 270.0; Position:  8,16; Key:  4; Health: 100.0; Tile: ROAD
2018-05-27 11:25:13 INFO  Car - Speed:   3.0; Angle: 270.0; Position:  8,16; Key:  4; Health: 100.0; Tile: ROAD
2018-05-27 11:25:13 INFO  Car - Speed:   3.0; Angle: 270.0; Position:  8,16; Key:  4; Health: 100.0; Tile: ROAD
2018-05-27 11:25:13 INFO  Car - Speed:   3.0; Angle: 270.0; Position:  8,16; Key:  4; Health: 100.0; Tile: ROAD
2018-05-27 11:25:13 INFO  Car - Speed:   3.0; Angle: 270.0; Position:  8,16; Key:  4; Health: 100.0; Tile: ROAD
2018-05-27 11:25:13 INFO  Car - Speed:   3.0; Angle: 270.0; Position:  8,16; Key:  4; Health: 100.0; Tile: ROAD
2018-05-27 11:25:13 INFO  Car - Speed:   3.0; Angle: 270.0; Position:  8,16; Key:  4; Health: 100.0; Tile: ROAD
2018-05-27 11:25:13 INFO  Car - Speed:   3.0; Angle: 270.0; Position:  8,16; Key:  4; Health: 100.0; Tile: ROAD
2018-05-27 11:25:13 INFO  Car - Speed:   3.0; Angle: 270.0; Position:  8,15; Key:  4; Health: 100.0; Tile: ROAD
2018-05-27 11:25:13 INFO  Car - Speed:   3.0; Angle: 270.0; Position:  8,15; Key:  4; Health: 100.0; Tile: ROAD
2018-05-27 11:25:13 INFO  Car - Speed:   3.0; Angle: 270.0; Position:  8,15; Key:  4; Health: 100.0; Tile: ROAD
2018-05-27 11:25:13 INFO  Car - Speed:   3.0; Angle: 270.0; Position:  8,15; Key:  4; Health: 100.0; Tile: ROAD
2018-05-27 11:25:13 INFO  Car - Speed:   3.0; Angle: 270.0; Position:  8,15; Key:  4; Health: 100.0; Tile: ROAD
2018-05-27 11:25:13 INFO  Car - Speed:   3.0; Angle: 270.0; Position:  8,15; Key:  4; Health: 100.0; Tile: ROAD
2018-05-27 11:25:13 INFO  Car - Speed:   3.0; Angle: 270.0; Position:  8,15; Key:  4; Health: 100.0; Tile: ROAD
2018-05-27 11:25:13 INFO  Car - Speed:   3.0; Angle: 270.0; Position:  8,15; Key:  4; Health: 100.0; Tile: ROAD
2018-05-27 11:25:13 INFO  Car - Speed:   3.0; Angle: 270.0; Position:  8,15; Key:  4; Health: 100.0; Tile: ROAD
2018-05-27 11:25:13 INFO  Car - Speed:   3.0; Angle: 270.0; Position:  8,15; Key:  4; Health: 100.0; Tile: ROAD
2018-05-27 11:25:13 INFO  Car - Speed:   3.0; Angle: 270.0; Position:  8,15; Key:  4; Health: 100.0; Tile: ROAD
2018-05-27 11:25:13 INFO  Car - Speed:   3.0; Angle: 270.0; Position:  8,15; Key:  4; Health: 100.0; Tile: ROAD
2018-05-27 11:25:13 INFO  Car - Speed:   3.0; Angle: 270.0; Position:  8,15; Key:  4; Health: 100.0; Tile: ROAD
2018-05-27 11:25:13 INFO  Car - Speed:   3.0; Angle: 270.0; Position:  8,15; Key:  4; Health: 100.0; Tile: ROAD
2018-05-27 11:25:13 INFO  Car - Speed:   3.0; Angle: 270.0; Position:  8,15; Key:  4; Health: 100.0; Tile: ROAD
2018-05-27 11:25:13 INFO  Car - Speed:   3.0; Angle: 270.0; Position:  8,14; Key:  4; Health: 100.0; Tile: TRAP(lava)
2018-05-27 11:25:13 INFO  Car - Speed:   3.0; Angle: 270.0; Position:  8,14; Key:  3; Health:  99.6; Tile: TRAP(lava)
2018-05-27 11:25:13 INFO  Car - Speed:   3.0; Angle: 270.0; Position:  8,14; Key:  3; Health:  99.1; Tile: TRAP(lava)
2018-05-27 11:25:13 INFO  Car - Speed:   3.0; Angle: 270.0; Position:  8,14; Key:  3; Health:  98.7; Tile: TRAP(lava)
2018-05-27 11:25:13 INFO  Car - Speed:   3.0; Angle: 270.0; Position:  8,14; Key:  3; Health:  98.2; Tile: TRAP(lava)
2018-05-27 11:25:13 INFO  Car - Speed:   3.0; Angle: 270.0; Position:  8,14; Key:  3; Health:  97.8; Tile: TRAP(lava)
2018-05-27 11:25:13 INFO  Car - Speed:   3.0; Angle: 270.0; Position:  8,14; Key:  3; Health:  97.3; Tile: TRAP(lava)
2018-05-27 11:25:13 INFO  Car - Speed:   3.0; Angle: 270.0; Position:  8,14; Key:  3; Health:  96.9; Tile: TRAP(lava)
2018-05-27 11:25:13 INFO  Car - Speed:   3.0; Angle: 270.0; Position:  8,14; Key:  3; Health:  96.4; Tile: TRAP(lava)
2018-05-27 11:25:13 INFO  Car - Speed:   3.0; Angle: 270.0; Position:  8,14; Key:  3; Health:  96.0; Tile: TRAP(lava)
2018-05-27 11:25:13 INFO  Car - Speed:   3.0; Angle: 270.0; Position:  8,14; Key:  3; Health:  95.6; Tile: TRAP(lava)
2018-05-27 11:25:13 INFO  Car - Speed:   3.0; Angle: 270.0; Position:  8,14; Key:  3; Health:  95.1; Tile: TRAP(lava)
2018-05-27 11:25:13 INFO  Car - Speed:   3.0; Angle: 270.0; Position:  8,14; Key:  3; Health:  94.7; Tile: TRAP(lava)
2018-05-27 11:25:14 INFO  Car - Speed:   3.0; Angle: 270.0; Position:  8,14; Key:  3; Health:  94.2; Tile: TRAP(lava)
2018-05-27 11:25:14 INFO  Car - Speed:   3.0; Angle: 270.0; Position:  8,14; Key:  3; Health:  93.8; Tile: TRAP(lava)
2018-05-27 11:25:14 INFO  Car - Speed:   3.0; Angle: 270.0; Position:  8,13; Key:  3; Health:  93.3; Tile: ROAD
2018-05-27 11:25:14 INFO  Car - Speed:   3.0; Angle: 270.0; Position:  8,13; Key:  3; Health:  93.3; Tile: ROAD
2018-05-27 11:25:14 INFO  Car - Speed:   3.0; Angle: 270.0; Position:  8,13; Key:  3; Health:  93.3; Tile: ROAD
2018-05-27 11:25:14 INFO  Car - Speed:   3.0; Angle: 270.0; Position:  8,13; Key:  3; Health:  93.3; Tile: ROAD
2018-05-27 11:25:14 INFO  Car - Speed:   3.0; Angle: 270.0; Position:  8,13; Key:  3; Health:  93.3; Tile: ROAD
2018-05-27 11:25:14 INFO  Car - Speed:   3.0; Angle: 270.0; Position:  8,13; Key:  3; Health:  93.3; Tile: ROAD
2018-05-27 11:25:14 INFO  Car - Speed:   3.0; Angle: 270.0; Position:  8,13; Key:  3; Health:  93.3; Tile: ROAD
2018-05-27 11:25:14 INFO  Car - Speed:   3.0; Angle: 270.0; Position:  8,13; Key:  3; Health:  93.3; Tile: ROAD
2018-05-27 11:25:14 INFO  Car - Speed:   3.0; Angle: 270.0; Position:  8,13; Key:  3; Health:  93.3; Tile: ROAD
2018-05-27 11:25:14 INFO  Car - Speed:   3.0; Angle: 270.0; Position:  8,13; Key:  3; Health:  93.3; Tile: ROAD
2018-05-27 11:25:14 INFO  Car - Speed:   3.0; Angle: 270.0; Position:  8,13; Key:  3; Health:  93.3; Tile: ROAD
2018-05-27 11:25:14 INFO  Car - Speed:   3.0; Angle: 270.0; Position:  8,13; Key:  3; Health:  93.3; Tile: ROAD
2018-05-27 11:25:14 INFO  Car - Speed:   3.0; Angle: 270.0; Position:  8,13; Key:  3; Health:  93.3; Tile: ROAD
2018-05-27 11:25:14 INFO  Car - Speed:   3.0; Angle: 270.0; Position:  8,13; Key:  3; Health:  93.3; Tile: ROAD
2018-05-27 11:25:14 INFO  Car - Speed:   3.0; Angle: 270.0; Position:  8,13; Key:  3; Health:  93.3; Tile: ROAD
2018-05-27 11:25:14 INFO  Car - Speed:   3.0; Angle: 270.0; Position:  8,12; Key:  3; Health:  93.3; Tile: ROAD
2018-05-27 11:25:14 INFO  Car - Speed:   3.0; Angle: 270.0; Position:  8,12; Key:  3; Health:  93.3; Tile: ROAD
2018-05-27 11:25:14 INFO  Car - Speed:   3.0; Angle: 266.7; Position:  8,12; Key:  3; Health:  93.3; Tile: ROAD
2018-05-27 11:25:14 INFO  Car - Speed:   3.0; Angle: 263.3; Position:  8,12; Key:  3; Health:  93.3; Tile: ROAD
2018-05-27 11:25:14 INFO  Car - Speed:   3.0; Angle: 260.0; Position:  8,12; Key:  3; Health:  93.3; Tile: ROAD
2018-05-27 11:25:14 INFO  Car - Speed:   3.0; Angle: 256.7; Position:  8,12; Key:  3; Health:  93.3; Tile: ROAD
2018-05-27 11:25:14 INFO  Car - Speed:   3.0; Angle: 253.3; Position:  8,12; Key:  3; Health:  93.3; Tile: ROAD
2018-05-27 11:25:14 INFO  Car - Speed:   2.9; Angle: 250.0; Position:  8,12; Key:  3; Health:  93.3; Tile: ROAD
2018-05-27 11:25:14 INFO  Car - Speed:   2.9; Angle: 246.7; Position:  8,12; Key:  3; Health:  93.3; Tile: ROAD
2018-05-27 11:25:14 INFO  Car - Speed:   2.9; Angle: 243.3; Position:  8,12; Key:  3; Health:  93.3; Tile: ROAD
2018-05-27 11:25:14 INFO  Car - Speed:   2.9; Angle: 240.0; Position:  8,12; Key:  3; Health:  93.3; Tile: ROAD
2018-05-27 11:25:14 INFO  Car - Speed:   2.9; Angle: 236.7; Position:  7,12; Key:  3; Health:  93.3; Tile: ROAD
2018-05-27 11:25:14 INFO  Car - Speed:   2.9; Angle: 233.3; Position:  7,12; Key:  3; Health:  93.3; Tile: ROAD
2018-05-27 11:25:14 INFO  Car - Speed:   2.9; Angle: 230.0; Position:  7,12; Key:  3; Health:  93.3; Tile: ROAD
2018-05-27 11:25:14 INFO  Car - Speed:   2.9; Angle: 226.7; Position:  7,12; Key:  3; Health:  93.3; Tile: ROAD
2018-05-27 11:25:14 INFO  Car - Speed:   2.9; Angle: 223.3; Position:  7,12; Key:  3; Health:  93.3; Tile: ROAD
2018-05-27 11:25:14 INFO  Car - Speed:   2.8; Angle: 220.0; Position:  7,12; Key:  3; Health:  93.3; Tile: ROAD
2018-05-27 11:25:14 INFO  Car - Speed:   2.8; Angle: 216.7; Position:  7,12; Key:  3; Health:  93.3; Tile: ROAD
2018-05-27 11:25:14 INFO  Car - Speed:   2.8; Angle: 213.3; Position:  7,11; Key:  3; Health:  93.3; Tile: ROAD
2018-05-27 11:25:14 INFO  Car - Speed:   2.8; Angle: 210.0; Position:  7,11; Key:  3; Health:  93.3; Tile: ROAD
2018-05-27 11:25:14 INFO  Car - Speed:   2.8; Angle: 206.7; Position:  7,11; Key:  3; Health:  93.3; Tile: ROAD
2018-05-27 11:25:14 INFO  Car - Speed:   2.8; Angle: 203.3; Position:  7,11; Key:  3; Health:  93.3; Tile: ROAD
2018-05-27 11:25:14 INFO  Car - Speed:   2.8; Angle: 200.0; Position:  7,11; Key:  3; Health:  93.3; Tile: ROAD
2018-05-27 11:25:14 INFO  Car - Speed:   2.8; Angle: 196.7; Position:  7,11; Key:  3; Health:  93.3; Tile: ROAD
2018-05-27 11:25:14 INFO  Car - Speed:   2.8; Angle: 193.3; Position:  7,11; Key:  3; Health:  93.3; Tile: ROAD
2018-05-27 11:25:14 INFO  Car - Speed:   2.7; Angle: 190.0; Position:  7,11; Key:  3; Health:  93.3; Tile: ROAD
2018-05-27 11:25:14 INFO  Car - Speed:   2.7; Angle: 186.7; Position:  7,11; Key:  3; Health:  93.3; Tile: ROAD
2018-05-27 11:25:14 INFO  Car - Speed:   2.7; Angle: 183.3; Position:  7,11; Key:  3; Health:  93.3; Tile: ROAD
2018-05-27 11:25:15 INFO  Car - Speed:   2.7; Angle: 180.0; Position:  7,11; Key:  3; Health:  93.3; Tile: ROAD
2018-05-27 11:25:15 INFO  Car - Speed:   2.7; Angle: 180.0; Position:  7,11; Key:  3; Health:  93.3; Tile: ROAD
2018-05-27 11:25:15 INFO  Car - Speed:   2.8; Angle: 180.0; Position:  6,11; Key:  3; Health:  93.3; Tile: ROAD
2018-05-27 11:25:15 INFO  Car - Speed:   2.8; Angle: 180.0; Position:  6,11; Key:  3; Health:  93.3; Tile: ROAD
2018-05-27 11:25:15 INFO  Car - Speed:   2.8; Angle: 180.0; Position:  6,11; Key:  3; Health:  93.3; Tile: ROAD
2018-05-27 11:25:15 INFO  Car - Speed:   2.9; Angle: 180.0; Position:  6,11; Key:  3; Health:  93.3; Tile: ROAD
2018-05-27 11:25:15 INFO  Car - Speed:   2.9; Angle: 180.0; Position:  6,11; Key:  3; Health:  93.3; Tile: ROAD
2018-05-27 11:25:15 INFO  Car - Speed:   2.9; Angle: 180.0; Position:  6,11; Key:  3; Health:  93.3; Tile: ROAD
2018-05-27 11:25:15 INFO  Car - Speed:   3.0; Angle: 180.0; Position:  6,11; Key:  3; Health:  93.3; Tile: ROAD
2018-05-27 11:25:15 INFO  Car - Speed:   3.0; Angle: 180.0; Position:  6,11; Key:  3; Health:  93.3; Tile: ROAD
2018-05-27 11:25:15 INFO  Car - Speed:   3.0; Angle: 180.0; Position:  6,11; Key:  3; Health:  93.3; Tile: ROAD
2018-05-27 11:25:15 INFO  Car - Speed:   3.0; Angle: 180.0; Position:  6,11; Key:  3; Health:  93.3; Tile: ROAD
2018-05-27 11:25:15 INFO  Car - Speed:   3.0; Angle: 180.0; Position:  6,11; Key:  3; Health:  93.3; Tile: ROAD
2018-05-27 11:25:15 INFO  Car - Speed:   3.0; Angle: 180.0; Position:  6,11; Key:  3; Health:  93.3; Tile: ROAD
2018-05-27 11:25:15 INFO  Car - Speed:   3.0; Angle: 180.0; Position:  6,11; Key:  3; Health:  93.3; Tile: ROAD
2018-05-27 11:25:15 INFO  Car - Speed:   3.0; Angle: 180.0; Position:  6,11; Key:  3; Health:  93.3; Tile: ROAD
2018-05-27 11:25:15 INFO  Car - Speed:   3.0; Angle: 180.0; Position:  6,11; Key:  3; Health:  93.3; Tile: ROAD
2018-05-27 11:25:15 INFO  Car - Speed:   3.0; Angle: 180.0; Position:  5,11; Key:  3; Health:  93.3; Tile: ROAD
2018-05-27 11:25:15 INFO  Car - Speed:   3.0; Angle: 180.0; Position:  5,11; Key:  3; Health:  93.3; Tile: ROAD
2018-05-27 11:25:15 INFO  Car - Speed:   3.0; Angle: 180.0; Position:  5,11; Key:  3; Health:  93.3; Tile: ROAD
2018-05-27 11:25:15 INFO  Car - Speed:   3.0; Angle: 180.0; Position:  5,11; Key:  3; Health:  93.3; Tile: ROAD
2018-05-27 11:25:15 INFO  Car - Speed:   3.0; Angle: 180.0; Position:  5,11; Key:  3; Health:  93.3; Tile: ROAD
2018-05-27 11:25:15 INFO  Car - Speed:   3.0; Angle: 180.0; Position:  5,11; Key:  3; Health:  93.3; Tile: ROAD
2018-05-27 11:25:15 INFO  Car - Speed:   3.0; Angle: 180.0; Position:  5,11; Key:  3; Health:  93.3; Tile: ROAD
2018-05-27 11:25:15 INFO  Car - Speed:   3.0; Angle: 180.0; Position:  5,11; Key:  3; Health:  93.3; Tile: ROAD
2018-05-27 11:25:15 INFO  Car - Speed:   3.0; Angle: 180.0; Position:  5,11; Key:  3; Health:  93.3; Tile: ROAD
2018-05-27 11:25:15 INFO  Car - Speed:   3.0; Angle: 180.0; Position:  5,11; Key:  3; Health:  93.3; Tile: ROAD
2018-05-27 11:25:15 INFO  Car - Speed:   3.0; Angle: 180.0; Position:  5,11; Key:  3; Health:  93.3; Tile: ROAD
2018-05-27 11:25:15 INFO  Car - Speed:   3.0; Angle: 180.0; Position:  5,11; Key:  3; Health:  93.3; Tile: ROAD
2018-05-27 11:25:15 INFO  Car - Speed:   3.0; Angle: 180.0; Position:  5,11; Key:  3; Health:  93.3; Tile: ROAD
2018-05-27 11:25:15 INFO  Car - Speed:   3.0; Angle: 180.0; Position:  5,11; Key:  3; Health:  93.3; Tile: ROAD
2018-05-27 11:25:15 INFO  Car - Speed:   3.0; Angle: 180.0; Position:  5,11; Key:  3; Health:  93.3; Tile: ROAD
2018-05-27 11:25:15 INFO  Car - Speed:   3.0; Angle: 180.0; Position:  4,11; Key:  3; Health:  93.3; Tile: ROAD
2018-05-27 11:25:15 INFO  Car - Speed:   3.0; Angle: 180.0; Position:  4,11; Key:  3; Health:  93.3; Tile: ROAD
2018-05-27 11:25:15 INFO  Car - Speed:   3.0; Angle: 180.0; Position:  4,11; Key:  3; Health:  93.3; Tile: ROAD
2018-05-27 11:25:15 INFO  Car - Speed:   3.0; Angle: 180.0; Position:  4,11; Key:  3; Health:  93.3; Tile: ROAD
2018-05-27 11:25:15 INFO  Car - Speed:   3.0; Angle: 180.0; Position:  4,11; Key:  3; Health:  93.3; Tile: ROAD
2018-05-27 11:25:15 INFO  Car - Speed:   3.0; Angle: 180.0; Position:  4,11; Key:  3; Health:  93.3; Tile: ROAD
2018-05-27 11:25:15 INFO  Car - Speed:   3.0; Angle: 180.0; Position:  4,11; Key:  3; Health:  93.3; Tile: ROAD
2018-05-27 11:25:15 INFO  Car - Speed:   3.0; Angle: 180.0; Position:  4,11; Key:  3; Health:  93.3; Tile: ROAD
2018-05-27 11:25:15 INFO  Car - Speed:   3.0; Angle: 180.0; Position:  4,11; Key:  3; Health:  93.3; Tile: ROAD
2018-05-27 11:25:15 INFO  Car - Speed:   3.0; Angle: 180.0; Position:  4,11; Key:  3; Health:  93.3; Tile: ROAD
2018-05-27 11:25:15 INFO  Car - Speed:   3.0; Angle: 180.0; Position:  4,11; Key:  3; Health:  93.3; Tile: ROAD
2018-05-27 11:25:15 INFO  Car - Speed:   3.0; Angle: 180.0; Position:  4,11; Key:  3; Health:  93.3; Tile: ROAD
2018-05-27 11:25:15 INFO  Car - Speed:   3.0; Angle: 180.0; Position:  4,11; Key:  3; Health:  93.3; Tile: ROAD
2018-05-27 11:25:16 INFO  Car - Speed:   3.0; Angle: 180.0; Position:  4,11; Key:  3; Health:  93.3; Tile: ROAD
2018-05-27 11:25:16 INFO  Car - Speed:   3.0; Angle: 180.0; Position:  4,11; Key:  3; Health:  93.3; Tile: ROAD
2018-05-27 11:25:16 INFO  Car - Speed:   3.0; Angle: 180.0; Position:  3,11; Key:  3; Health:  93.3; Tile: ROAD
2018-05-27 11:25:16 INFO  Car - Speed:   3.0; Angle: 180.0; Position:  3,11; Key:  3; Health:  93.3; Tile: ROAD
2018-05-27 11:25:16 INFO  Car - Speed:   3.0; Angle: 183.3; Position:  3,11; Key:  3; Health:  93.3; Tile: ROAD
2018-05-27 11:25:16 INFO  Car - Speed:   3.0; Angle: 186.7; Position:  3,11; Key:  3; Health:  93.3; Tile: ROAD
2018-05-27 11:25:16 INFO  Car - Speed:   2.9; Angle: 190.0; Position:  3,11; Key:  3; Health:  93.3; Tile: ROAD
2018-05-27 11:25:16 INFO  Car - Speed:   2.9; Angle: 193.3; Position:  3,11; Key:  3; Health:  93.3; Tile: ROAD
2018-05-27 11:25:16 INFO  Car - Speed:   2.9; Angle: 196.7; Position:  3,11; Key:  3; Health:  93.3; Tile: ROAD
2018-05-27 11:25:16 INFO  Car - Speed:   2.9; Angle: 200.0; Position:  3,11; Key:  3; Health:  93.3; Tile: ROAD
2018-05-27 11:25:16 INFO  Car - Speed:   2.9; Angle: 203.3; Position:  3,11; Key:  3; Health:  93.3; Tile: ROAD
2018-05-27 11:25:16 INFO  Car - Speed:   2.9; Angle: 206.7; Position:  3,11; Key:  3; Health:  93.3; Tile: ROAD
2018-05-27 11:25:16 INFO  Car - Speed:   2.9; Angle: 210.0; Position:  3,11; Key:  3; Health:  93.3; Tile: ROAD
2018-05-27 11:25:16 INFO  Car - Speed:   2.9; Angle: 213.3; Position:  3,11; Key:  3; Health:  93.3; Tile: ROAD
2018-05-27 11:25:16 INFO  Car - Speed:   2.9; Angle: 216.7; Position:  3,11; Key:  3; Health:  93.3; Tile: ROAD
2018-05-27 11:25:16 INFO  Car - Speed:   2.8; Angle: 220.0; Position:  3,11; Key:  3; Health:  93.3; Tile: ROAD
2018-05-27 11:25:16 INFO  Car - Speed:   2.8; Angle: 223.3; Position:  3,11; Key:  3; Health:  93.3; Tile: ROAD
2018-05-27 11:25:16 INFO  Car - Speed:   2.8; Angle: 226.7; Position:  3,11; Key:  3; Health:  93.3; Tile: ROAD
2018-05-27 11:25:16 INFO  Car - Speed:   2.8; Angle: 230.0; Position:  3,11; Key:  3; Health:  93.3; Tile: ROAD
2018-05-27 11:25:16 INFO  Car - Speed:   2.8; Angle: 233.3; Position:  3,11; Key:  3; Health:  93.3; Tile: ROAD
2018-05-27 11:25:16 INFO  Car - Speed:   2.8; Angle: 236.7; Position:  3,11; Key:  3; Health:  93.3; Tile: ROAD
2018-05-27 11:25:16 INFO  Car - Speed:   2.8; Angle: 240.0; Position:  2,11; Key:  3; Health:  93.3; Tile: ROAD
2018-05-27 11:25:16 INFO  Car - Speed:   2.8; Angle: 240.0; Position:  2,11; Key:  3; Health:  93.3; Tile: ROAD
2018-05-27 11:25:16 INFO  Car - Speed:   2.8; Angle: 236.7; Position:  2,11; Key:  3; Health:  93.3; Tile: ROAD
2018-05-27 11:25:16 INFO  Car - Speed:   2.8; Angle: 233.3; Position:  2,11; Key:  3; Health:  93.3; Tile: ROAD
2018-05-27 11:25:16 INFO  Car - Speed:   2.8; Angle: 230.0; Position:  2,11; Key:  3; Health:  93.3; Tile: ROAD
2018-05-27 11:25:16 INFO  Car - Speed:   2.8; Angle: 226.7; Position:  2,11; Key:  3; Health:  93.3; Tile: ROAD
2018-05-27 11:25:16 INFO  Car - Speed:   2.8; Angle: 223.3; Position:  2,10; Key:  3; Health:  93.3; Tile: TRAP(lava)
2018-05-27 11:25:16 INFO  Car - Speed:   2.7; Angle: 220.0; Position:  2,10; Key:  3; Health:  92.9; Tile: TRAP(lava)
2018-05-27 11:25:16 INFO  Car - Speed:   2.7; Angle: 216.7; Position:  2,10; Key:  3; Health:  92.4; Tile: TRAP(lava)
2018-05-27 11:25:16 INFO  Car - Speed:   2.7; Angle: 213.3; Position:  2,10; Key:  3; Health:  92.0; Tile: TRAP(lava)
2018-05-27 11:25:16 INFO  Car - Speed:   2.7; Angle: 210.0; Position:  2,10; Key:  3; Health:  91.6; Tile: TRAP(lava)
2018-05-27 11:25:16 INFO  Car - Speed:   2.7; Angle: 206.7; Position:  2,10; Key:  3; Health:  91.1; Tile: TRAP(lava)
2018-05-27 11:25:16 INFO  Car - Speed:   2.7; Angle: 203.3; Position:  2,10; Key:  3; Health:  90.7; Tile: TRAP(lava)
2018-05-27 11:25:16 INFO  Car - Speed:   2.7; Angle: 200.0; Position:  2,10; Key:  3; Health:  90.2; Tile: TRAP(lava)
2018-05-27 11:25:16 INFO  Car - Speed:   2.7; Angle: 196.7; Position:  2,10; Key:  3; Health:  89.8; Tile: TRAP(lava)
2018-05-27 11:25:16 INFO  Car - Speed:   2.7; Angle: 193.3; Position:  2,10; Key:  3; Health:  89.3; Tile: TRAP(lava)
2018-05-27 11:25:16 INFO  Car - Speed:   2.6; Angle: 190.0; Position:  2,10; Key:  3; Health:  88.9; Tile: TRAP(lava)
2018-05-27 11:25:16 INFO  Car - Speed:   2.6; Angle: 186.7; Position:  2,10; Key:  3; Health:  88.4; Tile: TRAP(lava)
2018-05-27 11:25:16 INFO  Car - Speed:   2.6; Angle: 183.3; Position:  2,10; Key:  3; Health:  88.0; Tile: TRAP(lava)
2018-05-27 11:25:16 INFO  Car - Speed:   2.6; Angle: 180.0; Position:  2,10; Key:  3; Health:  87.6; Tile: TRAP(lava)
2018-05-27 11:25:16 INFO  Car - Speed:   2.6; Angle: 176.7; Position:  1,10; Key:  3; Health:  87.1; Tile: TRAP(lava)
2018-05-27 11:25:16 INFO  Car - Speed:   2.6; Angle: 173.3; Position:  1,10; Key:  3; Health:  86.7; Tile: TRAP(lava)
2018-05-27 11:25:16 INFO  Car - Speed:   2.6; Angle: 170.0; Position:  1,10; Key:  3; Health:  86.2; Tile: TRAP(lava)
2018-05-27 11:25:16 INFO  Car - Speed:   2.6; Angle: 166.7; Position:  1,10; Key:  3; Health:  85.8; Tile: TRAP(lava)
2018-05-27 11:25:17 INFO  Car - Speed:   2.6; Angle: 163.3; Position:  1,10; Key:  3; Health:  85.3; Tile: TRAP(lava)
2018-05-27 11:25:17 INFO  Car - Speed:   2.5; Angle: 160.0; Position:  1,10; Key:  3; Health:  84.9; Tile: TRAP(lava)
2018-05-27 11:25:17 INFO  Car - Speed:   2.5; Angle: 156.7; Position:  1,10; Key:  3; Health:  84.4; Tile: TRAP(lava)
2018-05-27 11:25:17 INFO  Car - Speed:   2.5; Angle: 153.3; Position:  1,10; Key:  3; Health:  84.0; Tile: TRAP(lava)
2018-05-27 11:25:17 INFO  Car - Speed:   2.5; Angle: 150.0; Position:  1,10; Key:  3; Health:  83.6; Tile: TRAP(lava)
2018-05-27 11:25:17 INFO  Car - Speed:   2.5; Angle: 146.7; Position:  1,10; Key:  3; Health:  83.1; Tile: TRAP(lava)
2018-05-27 11:25:17 INFO  Car - Speed:   0.0; Angle: 143.3; Position:  1,10; Key:  3; Health:  82.6; Tile: TRAP(lava)
2018-05-27 11:25:17 INFO  Car - Speed:   0.0; Angle: 143.3; Position:  1,10; Key:  3; Health:  82.1; Tile: TRAP(lava)
2018-05-27 11:25:17 INFO  Car - Speed:   0.0; Angle: 143.3; Position:  1,10; Key:  3; Health:  81.7; Tile: TRAP(lava)
2018-05-27 11:25:17 INFO  Car - Speed:   0.0; Angle: 143.3; Position:  1,10; Key:  3; Health:  81.2; Tile: TRAP(lava)
2018-05-27 11:25:17 INFO  Car - Speed:   0.0; Angle: 143.3; Position:  1,10; Key:  3; Health:  80.8; Tile: TRAP(lava)
2018-05-27 11:25:17 INFO  Car - Speed:   0.0; Angle: 143.3; Position:  1,10; Key:  3; Health:  80.3; Tile: TRAP(lava)
2018-05-27 11:25:17 INFO  Car - Speed:   0.0; Angle: 143.3; Position:  1,10; Key:  3; Health:  79.9; Tile: TRAP(lava)
2018-05-27 11:25:17 INFO  Car - Speed:   0.0; Angle: 143.3; Position:  1,10; Key:  3; Health:  79.4; Tile: TRAP(lava)
2018-05-27 11:25:17 INFO  Car - Speed:   0.0; Angle: 143.3; Position:  1,10; Key:  3; Health:  79.0; Tile: TRAP(lava)
2018-05-27 11:25:17 INFO  Car - Speed:   0.0; Angle: 143.3; Position:  1,10; Key:  3; Health:  78.6; Tile: TRAP(lava)
2018-05-27 11:25:17 INFO  Car - Speed:   0.0; Angle: 143.3; Position:  1,10; Key:  3; Health:  78.1; Tile: TRAP(lava)
2018-05-27 11:25:17 INFO  Car - Speed:   0.0; Angle: 143.3; Position:  1,10; Key:  3; Health:  77.7; Tile: TRAP(lava)
2018-05-27 11:25:17 INFO  Car - Speed:   0.0; Angle: 143.3; Position:  1,10; Key:  3; Health:  77.2; Tile: TRAP(lava)
2018-05-27 11:25:17 INFO  Car - Speed:   0.0; Angle: 143.3; Position:  1,10; Key:  3; Health:  76.8; Tile: TRAP(lava)
2018-05-27 11:25:17 INFO  Car - Speed:   0.0; Angle: 143.3; Position:  1,10; Key:  3; Health:  76.3; Tile: TRAP(lava)
2018-05-27 11:25:17 INFO  Car - Speed:   0.0; Angle: 143.3; Position:  1,10; Key:  3; Health:  75.9; Tile: TRAP(lava)
2018-05-27 11:25:17 INFO  Car - Speed:   0.0; Angle: 143.3; Position:  1,10; Key:  3; Health:  75.4; Tile: TRAP(lava)
2018-05-27 11:25:17 INFO  Car - Speed:   0.0; Angle: 143.3; Position:  1,10; Key:  3; Health:  75.0; Tile: TRAP(lava)
2018-05-27 11:25:17 INFO  Car - Speed:   0.0; Angle: 143.3; Position:  1,10; Key:  3; Health:  74.6; Tile: TRAP(lava)
2018-05-27 11:25:17 INFO  Car - Speed:   0.0; Angle: 143.3; Position:  1,10; Key:  3; Health:  74.1; Tile: TRAP(lava)
2018-05-27 11:25:17 INFO  Car - Speed:   0.0; Angle: 143.3; Position:  1,10; Key:  3; Health:  73.7; Tile: TRAP(lava)
2018-05-27 11:25:17 INFO  Car - Speed:   0.0; Angle: 143.3; Position:  1,10; Key:  3; Health:  73.2; Tile: TRAP(lava)
2018-05-27 11:25:17 INFO  Car - Speed:   0.0; Angle: 143.3; Position:  1,10; Key:  3; Health:  72.8; Tile: TRAP(lava)
2018-05-27 11:25:17 INFO  Car - Speed:   0.0; Angle: 143.3; Position:  1,10; Key:  3; Health:  72.3; Tile: TRAP(lava)
2018-05-27 11:25:17 INFO  Car - Speed:   0.0; Angle: 143.3; Position:  1,10; Key:  3; Health:  71.9; Tile: TRAP(lava)
2018-05-27 11:25:17 INFO  Car - Speed:   0.0; Angle: 143.3; Position:  1,10; Key:  3; Health:  71.4; Tile: TRAP(lava)
2018-05-27 11:25:17 INFO  Car - Speed:   0.0; Angle: 143.3; Position:  1,10; Key:  3; Health:  71.0; Tile: TRAP(lava)
2018-05-27 11:25:17 INFO  Car - Speed:   0.0; Angle: 143.3; Position:  1,10; Key:  3; Health:  70.6; Tile: TRAP(lava)
2018-05-27 11:25:17 INFO  Car - Speed:   0.0; Angle: 143.3; Position:  1,10; Key:  3; Health:  70.1; Tile: TRAP(lava)
2018-05-27 11:25:17 INFO  Car - Speed:   0.0; Angle: 143.3; Position:  1,10; Key:  3; Health:  69.7; Tile: TRAP(lava)
2018-05-27 11:25:17 INFO  Car - Speed:   0.0; Angle: 143.3; Position:  1,10; Key:  3; Health:  69.2; Tile: TRAP(lava)
2018-05-27 11:25:17 INFO  Car - Speed:   0.0; Angle: 143.3; Position:  1,10; Key:  3; Health:  68.8; Tile: TRAP(lava)
2018-05-27 11:25:17 INFO  Car - Speed:   0.0; Angle: 143.3; Position:  1,10; Key:  3; Health:  68.3; Tile: TRAP(lava)
2018-05-27 11:25:17 INFO  Car - Speed:   0.0; Angle: 143.3; Position:  1,10; Key:  3; Health:  67.9; Tile: TRAP(lava)
2018-05-27 11:25:17 INFO  Car - Speed:   0.0; Angle: 143.3; Position:  1,10; Key:  3; Health:  67.4; Tile: TRAP(lava)
2018-05-27 11:25:17 INFO  Car - Speed:   0.0; Angle: 143.3; Position:  1,10; Key:  3; Health:  67.0; Tile: TRAP(lava)
2018-05-27 11:25:17 INFO  Car - Speed:   0.0; Angle: 143.3; Position:  1,10; Key:  3; Health:  66.6; Tile: TRAP(lava)
2018-05-27 11:25:17 INFO  Car - Speed:   0.0; Angle: 143.3; Position:  1,10; Key:  3; Health:  66.1; Tile: TRAP(lava)
2018-05-27 11:25:17 INFO  Car - Speed:   0.0; Angle: 143.3; Position:  1,10; Key:  3; Health:  65.7; Tile: TRAP(lava)
2018-05-27 11:25:18 INFO  Car - Speed:   0.0; Angle: 143.3; Position:  1,10; Key:  3; Health:  65.2; Tile: TRAP(lava)
2018-05-27 11:25:18 INFO  Car - Speed:   0.0; Angle: 143.3; Position:  1,10; Key:  3; Health:  64.8; Tile: TRAP(lava)
2018-05-27 11:25:18 INFO  Car - Speed:   0.0; Angle: 143.3; Position:  1,10; Key:  3; Health:  64.3; Tile: TRAP(lava)
2018-05-27 11:25:18 INFO  Car - Speed:   0.0; Angle: 143.3; Position:  1,10; Key:  3; Health:  63.9; Tile: TRAP(lava)
2018-05-27 11:25:18 INFO  Car - Speed:   0.0; Angle: 143.3; Position:  1,10; Key:  3; Health:  63.4; Tile: TRAP(lava)
2018-05-27 11:25:18 INFO  Car - Speed:   0.0; Angle: 143.3; Position:  1,10; Key:  3; Health:  63.0; Tile: TRAP(lava)
2018-05-27 11:25:18 INFO  Car - Speed:   0.0; Angle: 143.3; Position:  1,10; Key:  3; Health:  62.6; Tile: TRAP(lava)
2018-05-27 11:25:18 INFO  Car - Speed:   0.0; Angle: 143.3; Position:  1,10; Key:  3; Health:  62.1; Tile: TRAP(lava)
2018-05-27 11:25:18 INFO  Car - Speed:   0.0; Angle: 143.3; Position:  1,10; Key:  3; Health:  61.7; Tile: TRAP(lava)
2018-05-27 11:25:18 INFO  Car - Speed:   0.0; Angle: 143.3; Position:  1,10; Key:  3; Health:  61.2; Tile: TRAP(lava)
2018-05-27 11:25:18 INFO  Car - Speed:   0.0; Angle: 143.3; Position:  1,10; Key:  3; Health:  60.8; Tile: TRAP(lava)
2018-05-27 11:25:18 INFO  Car - Speed:   0.0; Angle: 143.3; Position:  1,10; Key:  3; Health:  60.3; Tile: TRAP(lava)
2018-05-27 11:25:18 INFO  Car - Speed:   0.0; Angle: 143.3; Position:  1,10; Key:  3; Health:  59.9; Tile: TRAP(lava)
2018-05-27 11:25:18 INFO  Car - Speed:   0.0; Angle: 143.3; Position:  1,10; Key:  3; Health:  59.4; Tile: TRAP(lava)
2018-05-27 11:25:18 INFO  Car - Speed:   0.0; Angle: 143.3; Position:  1,10; Key:  3; Health:  59.0; Tile: TRAP(lava)
2018-05-27 11:25:18 INFO  Car - Speed:   0.0; Angle: 143.3; Position:  1,10; Key:  3; Health:  58.6; Tile: TRAP(lava)
2018-05-27 11:25:18 INFO  Car - Speed:   0.0; Angle: 143.3; Position:  1,10; Key:  3; Health:  58.1; Tile: TRAP(lava)
2018-05-27 11:25:18 INFO  Car - Speed:   0.0; Angle: 143.3; Position:  1,10; Key:  3; Health:  57.7; Tile: TRAP(lava)
2018-05-27 11:25:18 INFO  Car - Speed:   0.0; Angle: 143.3; Position:  1,10; Key:  3; Health:  57.2; Tile: TRAP(lava)
2018-05-27 11:25:18 INFO  Car - Speed:   0.0; Angle: 143.3; Position:  1,10; Key:  3; Health:  56.8; Tile: TRAP(lava)
2018-05-27 11:25:18 INFO  Car - Speed:   0.0; Angle: 143.3; Position:  1,10; Key:  3; Health:  56.3; Tile: TRAP(lava)
2018-05-27 11:25:18 INFO  Car - Speed:   0.0; Angle: 143.3; Position:  1,10; Key:  3; Health:  55.9; Tile: TRAP(lava)
2018-05-27 11:25:18 INFO  Car - Speed:   0.0; Angle: 143.3; Position:  1,10; Key:  3; Health:  55.4; Tile: TRAP(lava)
2018-05-27 11:25:18 INFO  Car - Speed:   0.0; Angle: 143.3; Position:  1,10; Key:  3; Health:  55.0; Tile: TRAP(lava)
2018-05-27 11:25:18 INFO  Car - Speed:   0.0; Angle: 143.3; Position:  1,10; Key:  3; Health:  54.6; Tile: TRAP(lava)
2018-05-27 11:25:18 INFO  Car - Speed:   0.0; Angle: 143.3; Position:  1,10; Key:  3; Health:  54.1; Tile: TRAP(lava)
2018-05-27 11:25:18 INFO  Car - Speed:   0.0; Angle: 143.3; Position:  1,10; Key:  3; Health:  53.7; Tile: TRAP(lava)
2018-05-27 11:25:18 INFO  Car - Speed:   0.0; Angle: 143.3; Position:  1,10; Key:  3; Health:  53.2; Tile: TRAP(lava)
2018-05-27 11:25:18 INFO  Car - Speed:   0.0; Angle: 143.3; Position:  1,10; Key:  3; Health:  52.8; Tile: TRAP(lava)
2018-05-27 11:25:18 INFO  Car - Speed:   0.0; Angle: 143.3; Position:  1,10; Key:  3; Health:  52.3; Tile: TRAP(lava)
2018-05-27 11:25:18 INFO  Car - Speed:   0.0; Angle: 143.3; Position:  1,10; Key:  3; Health:  51.9; Tile: TRAP(lava)
2018-05-27 11:25:18 INFO  Car - Speed:   0.0; Angle: 143.3; Position:  1,10; Key:  3; Health:  51.4; Tile: TRAP(lava)
2018-05-27 11:25:18 INFO  Car - Speed:   0.0; Angle: 143.3; Position:  1,10; Key:  3; Health:  51.0; Tile: TRAP(lava)
2018-05-27 11:25:18 INFO  Car - Speed:   0.0; Angle: 143.3; Position:  1,10; Key:  3; Health:  50.6; Tile: TRAP(lava)
2018-05-27 11:25:18 INFO  Car - Speed:   0.0; Angle: 143.3; Position:  1,10; Key:  3; Health:  50.1; Tile: TRAP(lava)
2018-05-27 11:25:18 INFO  Car - Speed:   0.0; Angle: 143.3; Position:  1,10; Key:  3; Health:  49.7; Tile: TRAP(lava)
2018-05-27 11:25:18 INFO  Car - Speed:   0.0; Angle: 143.3; Position:  1,10; Key:  3; Health:  49.2; Tile: TRAP(lava)
2018-05-27 11:25:18 INFO  Car - Speed:   0.0; Angle: 143.3; Position:  1,10; Key:  3; Health:  48.8; Tile: TRAP(lava)
2018-05-27 11:25:18 INFO  Car - Speed:   0.0; Angle: 143.3; Position:  1,10; Key:  3; Health:  48.3; Tile: TRAP(lava)
2018-05-27 11:25:18 INFO  Car - Speed:   0.0; Angle: 143.3; Position:  1,10; Key:  3; Health:  47.9; Tile: TRAP(lava)
2018-05-27 11:25:18 INFO  Car - Speed:   0.0; Angle: 143.3; Position:  1,10; Key:  3; Health:  47.4; Tile: TRAP(lava)
